{"obj": {"type": "AssignString", "path": ["sys", "name"], "value": "Untitled"}, "version": 1}
{"obj": {"type": "AssignString", "path": ["sys", "description"], "value": ""}, "version": 2}
{"obj": {"type": "AssignString", "path": ["sys", "hostname"], "value": "DESKTOP-4F9PPL3"}, "version": 3}
{"obj": {"type": "AssignBool", "path": ["sys", "failed"], "value": false}, "version": 4}
{"obj": {"type": "ClearStringLog", "path": ["monitoring", "stdout"]}, "version": 5}
{"obj": {"type": "ClearStringLog", "path": ["monitoring", "stderr"]}, "version": 6}
{"obj": {"type": "AssignString", "path": ["source_code", "entrypoint"], "value": "CXR_TorchVision_TrainingScript.py"}, "version": 7}
{"obj": {"type": "UploadFileSet", "path": ["source_code", "files"], "file_globs": ["D:\\GitHub\\Mariuki\\DiseaseDetector\\DiseaseDetector_TorchVision\\CXR_TorchVision_TrainingScript.py"], "reset": "False"}, "version": 8}
{"obj": {"type": "ConfigFloatSeries", "path": ["monitoring", "cpu"], "min": 0.0, "max": 100.0, "unit": "%"}, "version": 9}
{"obj": {"type": "ClearFloatLog", "path": ["monitoring", "cpu"]}, "version": 10}
{"obj": {"type": "ConfigFloatSeries", "path": ["monitoring", "memory"], "min": 0.0, "max": 15.85989761352539, "unit": "GB"}, "version": 11}
{"obj": {"type": "ClearFloatLog", "path": ["monitoring", "memory"]}, "version": 12}
{"obj": {"type": "ConfigFloatSeries", "path": ["monitoring", "gpu"], "min": 0.0, "max": 100.0, "unit": "%"}, "version": 13}
{"obj": {"type": "ClearFloatLog", "path": ["monitoring", "gpu"]}, "version": 14}
{"obj": {"type": "ConfigFloatSeries", "path": ["monitoring", "gpu_memory"], "min": 0.0, "max": 6.0, "unit": "GB"}, "version": 15}
{"obj": {"type": "ClearFloatLog", "path": ["monitoring", "gpu_memory"]}, "version": 16}
{"obj": {"type": "LogFloats", "path": ["monitoring", "cpu"], "values": [{"value": 20.3, "step": null, "ts": 1655391788.7839904}]}, "version": 17}
{"obj": {"type": "LogFloats", "path": ["monitoring", "memory"], "values": [{"value": 11.198368072509766, "step": null, "ts": 1655391788.7839904}]}, "version": 18}
{"obj": {"type": "LogFloats", "path": ["monitoring", "gpu"], "values": [{"value": 1.0, "step": null, "ts": 1655391788.7839904}]}, "version": 19}
{"obj": {"type": "LogFloats", "path": ["monitoring", "gpu_memory"], "values": [{"value": 0.26335906982421875, "step": null, "ts": 1655391788.7839904}]}, "version": 20}
{"obj": {"type": "LogFloats", "path": ["monitoring", "cpu"], "values": [{"value": 98.7, "step": null, "ts": 1655391798.8147056}]}, "version": 21}
{"obj": {"type": "LogFloats", "path": ["monitoring", "memory"], "values": [{"value": 11.978080749511719, "step": null, "ts": 1655391798.8147056}]}, "version": 22}
{"obj": {"type": "LogFloats", "path": ["monitoring", "gpu_memory"], "values": [{"value": 0.26360321044921875, "step": null, "ts": 1655391798.8147056}]}, "version": 23}
{"obj": {"type": "LogFloats", "path": ["monitoring", "cpu"], "values": [{"value": 85.3, "step": null, "ts": 1655391808.8568866}]}, "version": 24}
{"obj": {"type": "LogFloats", "path": ["monitoring", "memory"], "values": [{"value": 13.175506591796875, "step": null, "ts": 1655391808.8568866}]}, "version": 25}
{"obj": {"type": "LogFloats", "path": ["monitoring", "gpu_memory"], "values": [{"value": 0.26378631591796875, "step": null, "ts": 1655391808.8568866}]}, "version": 26}
{"obj": {"type": "LogFloats", "path": ["monitoring", "cpu"], "values": [{"value": 36.3, "step": null, "ts": 1655391818.867521}]}, "version": 27}
{"obj": {"type": "LogFloats", "path": ["monitoring", "memory"], "values": [{"value": 12.10516357421875, "step": null, "ts": 1655391818.867521}]}, "version": 28}
{"obj": {"type": "LogFloats", "path": ["monitoring", "gpu_memory"], "values": [{"value": 0.27947235107421875, "step": null, "ts": 1655391818.867521}]}, "version": 29}
{"obj": {"type": "LogFloats", "path": ["monitoring", "cpu"], "values": [{"value": 33.1, "step": null, "ts": 1655391828.9481535}]}, "version": 30}
{"obj": {"type": "LogFloats", "path": ["monitoring", "memory"], "values": [{"value": 12.397235870361328, "step": null, "ts": 1655391828.9481535}]}, "version": 31}
{"obj": {"type": "LogFloats", "path": ["monitoring", "gpu"], "values": [{"value": 1.0, "step": null, "ts": 1655391828.9481535}]}, "version": 32}
{"obj": {"type": "LogFloats", "path": ["monitoring", "gpu_memory"], "values": [{"value": 0.27141571044921875, "step": null, "ts": 1655391828.9481535}]}, "version": 33}
{"obj": {"type": "LogFloats", "path": ["monitoring", "cpu"], "values": [{"value": 69.3, "step": null, "ts": 1655391838.9911764}]}, "version": 34}
{"obj": {"type": "LogFloats", "path": ["monitoring", "memory"], "values": [{"value": 12.30801773071289, "step": null, "ts": 1655391838.9911764}]}, "version": 35}
{"obj": {"type": "LogFloats", "path": ["monitoring", "gpu_memory"], "values": [{"value": 0.27141571044921875, "step": null, "ts": 1655391838.9911764}]}, "version": 36}
{"obj": {"type": "LogFloats", "path": ["monitoring", "cpu"], "values": [{"value": 37.1, "step": null, "ts": 1655391849.0109007}]}, "version": 37}
{"obj": {"type": "LogFloats", "path": ["monitoring", "memory"], "values": [{"value": 12.457794189453125, "step": null, "ts": 1655391849.0109007}]}, "version": 38}
{"obj": {"type": "LogFloats", "path": ["monitoring", "gpu_memory"], "values": [{"value": 0.27159881591796875, "step": null, "ts": 1655391849.0109007}]}, "version": 39}
{"obj": {"type": "LogFloats", "path": ["monitoring", "cpu"], "values": [{"value": 65.8, "step": null, "ts": 1655391859.0439017}]}, "version": 40}
{"obj": {"type": "LogFloats", "path": ["monitoring", "memory"], "values": [{"value": 12.853527069091797, "step": null, "ts": 1655391859.0439017}]}, "version": 41}
{"obj": {"type": "LogFloats", "path": ["monitoring", "gpu_memory"], "values": [{"value": 0.27159881591796875, "step": null, "ts": 1655391859.0439017}]}, "version": 42}
{"obj": {"type": "LogFloats", "path": ["monitoring", "cpu"], "values": [{"value": 38.2, "step": null, "ts": 1655391869.0706782}]}, "version": 43}
{"obj": {"type": "LogFloats", "path": ["monitoring", "memory"], "values": [{"value": 12.900318145751953, "step": null, "ts": 1655391869.0706782}]}, "version": 44}
{"obj": {"type": "LogFloats", "path": ["monitoring", "gpu"], "values": [{"value": 7.0, "step": null, "ts": 1655391869.0706782}]}, "version": 45}
{"obj": {"type": "LogFloats", "path": ["monitoring", "gpu_memory"], "values": [{"value": 0.27202606201171875, "step": null, "ts": 1655391869.0706782}]}, "version": 46}
{"obj": {"type": "LogStrings", "path": ["monitoring", "stdout"], "values": [{"value": "Dataset Train Ready!", "step": null, "ts": 1655391870.9652352}]}, "version": 47}
{"obj": {"type": "LogStrings", "path": ["monitoring", "stdout"], "values": [{"value": "\n", "step": null, "ts": 1655391870.966233}]}, "version": 48}
{"obj": {"type": "LogFloats", "path": ["monitoring", "cpu"], "values": [{"value": 88.3, "step": null, "ts": 1655391879.0892386}]}, "version": 49}
{"obj": {"type": "LogFloats", "path": ["monitoring", "memory"], "values": [{"value": 13.508800506591797, "step": null, "ts": 1655391879.0892386}]}, "version": 50}
{"obj": {"type": "LogFloats", "path": ["monitoring", "gpu_memory"], "values": [{"value": 0.27202606201171875, "step": null, "ts": 1655391879.0892386}]}, "version": 51}
{"obj": {"type": "LogFloats", "path": ["monitoring", "cpu"], "values": [{"value": 100.0, "step": null, "ts": 1655391889.1432362}]}, "version": 52}
{"obj": {"type": "LogFloats", "path": ["monitoring", "memory"], "values": [{"value": 14.50838851928711, "step": null, "ts": 1655391889.1432362}]}, "version": 53}
{"obj": {"type": "LogFloats", "path": ["monitoring", "gpu_memory"], "values": [{"value": 0.27202606201171875, "step": null, "ts": 1655391889.1432362}]}, "version": 54}
{"obj": {"type": "LogStrings", "path": ["monitoring", "stdout"], "values": [{"value": "Dataset Test Ready!", "step": null, "ts": 1655391893.7257698}]}, "version": 55}
{"obj": {"type": "LogStrings", "path": ["monitoring", "stdout"], "values": [{"value": "\n", "step": null, "ts": 1655391893.7257698}]}, "version": 56}
{"obj": {"type": "LogStrings", "path": ["monitoring", "traceback"], "values": [{"value": "An uncaught exception occurred while run was active on worker DESKTOP-4F9PPL3.", "step": null, "ts": 1655391895.109764}, {"value": "Marking run as failed", "step": null, "ts": 1655391895.109764}, {"value": "Traceback:", "step": null, "ts": 1655391895.109764}, {"value": "  File \"CXR_TorchVision_TrainingScript.py\", line 198, in <module>\n    main()\n", "step": null, "ts": 1655391895.109764}, {"value": "  File \"CXR_TorchVision_TrainingScript.py\", line 150, in main\n    model = get_instance_segmentation_model(num_classes)\n", "step": null, "ts": 1655391895.109764}, {"value": "  File \"D:\\GitHub\\Mariuki\\DiseaseDetector\\DiseaseDetector_TorchVision\\tools.py\", line 248, in get_instance_segmentation_model\n    model = torchvision.models.detection.fasterrcnn_resnet50_fpn(pretrained=True)\n", "step": null, "ts": 1655391895.109764}, {"value": "  File \"C:\\Users\\mario\\Anaconda3\\envs\\ddgpu\\lib\\site-packages\\torchvision\\models\\detection\\faster_rcnn.py\", line 375, in fasterrcnn_resnet50_fpn\n    model.load_state_dict(state_dict)\n", "step": null, "ts": 1655391895.109764}, {"value": "  File \"C:\\Users\\mario\\Anaconda3\\envs\\ddgpu\\lib\\site-packages\\torch\\nn\\modules\\module.py\", line 1468, in load_state_dict\n    load(self)\n", "step": null, "ts": 1655391895.109764}, {"value": "  File \"C:\\Users\\mario\\Anaconda3\\envs\\ddgpu\\lib\\site-packages\\torch\\nn\\modules\\module.py\", line 1466, in load\n    load(child, prefix + name + '.')\n", "step": null, "ts": 1655391895.109764}, {"value": "  File \"C:\\Users\\mario\\Anaconda3\\envs\\ddgpu\\lib\\site-packages\\torch\\nn\\modules\\module.py\", line 1466, in load\n    load(child, prefix + name + '.')\n", "step": null, "ts": 1655391895.109764}]}, "version": 57}
{"obj": {"type": "LogStrings", "path": ["monitoring", "traceback"], "values": [{"value": "  File \"C:\\Users\\mario\\Anaconda3\\envs\\ddgpu\\lib\\site-packages\\torch\\nn\\modules\\module.py\", line 1466, in load\n    load(child, prefix + name + '.')\n", "step": null, "ts": 1655391895.109764}, {"value": "  [Previous line repeated 2 more times]\n", "step": null, "ts": 1655391895.109764}, {"value": "  File \"C:\\Users\\mario\\Anaconda3\\envs\\ddgpu\\lib\\site-packages\\torch\\nn\\modules\\module.py\", line 1463, in load\n    state_dict, prefix, local_metadata, True, missing_keys, unexpected_keys, error_msgs)\n", "step": null, "ts": 1655391895.109764}, {"value": "  File \"C:\\Users\\mario\\Anaconda3\\envs\\ddgpu\\lib\\site-packages\\torchvision\\ops\\misc.py\", line 85, in _load_from_state_dict\n    missing_keys, unexpected_keys, error_msgs)\n", "step": null, "ts": 1655391895.109764}, {"value": "  File \"C:\\Users\\mario\\Anaconda3\\envs\\ddgpu\\lib\\site-packages\\torch\\nn\\modules\\module.py\", line 1419, in _load_from_state_dict\n    if key.startswith(prefix) and key != extra_state_key:\n", "step": null, "ts": 1655391895.109764}, {"value": "", "step": null, "ts": 1655391895.109764}]}, "version": 58}
{"obj": {"type": "AssignBool", "path": ["sys", "failed"], "value": true}, "version": 59}
{"obj": {"type": "LogStrings", "path": ["monitoring", "stderr"], "values": [{"value": "Traceback (most recent call last):\n", "step": null, "ts": 1655391895.1107655}]}, "version": 60}
{"obj": {"type": "LogStrings", "path": ["monitoring", "stderr"], "values": [{"value": "  File \"CXR_TorchVision_TrainingScript.py\", line 198, in <module>\n", "step": null, "ts": 1655391895.111765}]}, "version": 61}
{"obj": {"type": "LogStrings", "path": ["monitoring", "stderr"], "values": [{"value": "    ", "step": null, "ts": 1655391895.112765}]}, "version": 62}
{"obj": {"type": "LogStrings", "path": ["monitoring", "stderr"], "values": [{"value": "main()", "step": null, "ts": 1655391895.1137643}]}, "version": 63}
{"obj": {"type": "LogStrings", "path": ["monitoring", "stderr"], "values": [{"value": "\n", "step": null, "ts": 1655391895.1137643}]}, "version": 64}
{"obj": {"type": "LogStrings", "path": ["monitoring", "stderr"], "values": [{"value": "  File \"CXR_TorchVision_TrainingScript.py\", line 150, in main\n", "step": null, "ts": 1655391895.114764}]}, "version": 65}
{"obj": {"type": "LogStrings", "path": ["monitoring", "stderr"], "values": [{"value": "    ", "step": null, "ts": 1655391895.1157663}]}, "version": 66}
{"obj": {"type": "LogStrings", "path": ["monitoring", "stderr"], "values": [{"value": "model = get_instance_segmentation_model(num_classes)", "step": null, "ts": 1655391895.116767}]}, "version": 67}
{"obj": {"type": "LogStrings", "path": ["monitoring", "stderr"], "values": [{"value": "\n", "step": null, "ts": 1655391895.1987689}]}, "version": 68}
{"obj": {"type": "LogStrings", "path": ["monitoring", "stderr"], "values": [{"value": "  File \"D:\\GitHub\\Mariuki\\DiseaseDetector\\DiseaseDetector_TorchVision\\tools.py\", line 248, in get_instance_segmentation_model\n", "step": null, "ts": 1655391895.199769}]}, "version": 69}
{"obj": {"type": "LogStrings", "path": ["monitoring", "stderr"], "values": [{"value": "    ", "step": null, "ts": 1655391895.2027695}]}, "version": 70}
{"obj": {"type": "LogStrings", "path": ["monitoring", "stderr"], "values": [{"value": "model = torchvision.models.detection.fasterrcnn_resnet50_fpn(pretrained=True)", "step": null, "ts": 1655391895.2027695}]}, "version": 71}
{"obj": {"type": "LogStrings", "path": ["monitoring", "stderr"], "values": [{"value": "\n", "step": null, "ts": 1655391895.2037716}]}, "version": 72}
{"obj": {"type": "LogStrings", "path": ["monitoring", "stderr"], "values": [{"value": "  File \"C:\\Users\\mario\\Anaconda3\\envs\\ddgpu\\lib\\site-packages\\torchvision\\models\\detection\\faster_rcnn.py\", line 375, in fasterrcnn_resnet50_fpn\n", "step": null, "ts": 1655391895.204771}]}, "version": 73}
{"obj": {"type": "LogStrings", "path": ["monitoring", "stderr"], "values": [{"value": "    ", "step": null, "ts": 1655391895.2077672}]}, "version": 74}
{"obj": {"type": "LogStrings", "path": ["monitoring", "stderr"], "values": [{"value": "model.load_state_dict(state_dict)", "step": null, "ts": 1655391895.2077672}]}, "version": 75}
{"obj": {"type": "LogStrings", "path": ["monitoring", "stderr"], "values": [{"value": "\n", "step": null, "ts": 1655391895.208771}]}, "version": 76}
{"obj": {"type": "LogStrings", "path": ["monitoring", "stderr"], "values": [{"value": "  File \"C:\\Users\\mario\\Anaconda3\\envs\\ddgpu\\lib\\site-packages\\torch\\nn\\modules\\module.py\", line 1468, in load_state_dict\n", "step": null, "ts": 1655391895.2097702}]}, "version": 77}
{"obj": {"type": "LogStrings", "path": ["monitoring", "stderr"], "values": [{"value": "    ", "step": null, "ts": 1655391895.2137666}]}, "version": 78}
{"obj": {"type": "LogStrings", "path": ["monitoring", "stderr"], "values": [{"value": "load(self)", "step": null, "ts": 1655391895.2137666}]}, "version": 79}
{"obj": {"type": "LogStrings", "path": ["monitoring", "stderr"], "values": [{"value": "\n", "step": null, "ts": 1655391895.2147667}]}, "version": 80}
{"obj": {"type": "LogStrings", "path": ["monitoring", "stderr"], "values": [{"value": "  File \"C:\\Users\\mario\\Anaconda3\\envs\\ddgpu\\lib\\site-packages\\torch\\nn\\modules\\module.py\", line 1466, in load\n", "step": null, "ts": 1655391895.2147667}]}, "version": 81}
{"obj": {"type": "LogStrings", "path": ["monitoring", "stderr"], "values": [{"value": "    ", "step": null, "ts": 1655391895.218768}]}, "version": 82}
{"obj": {"type": "LogStrings", "path": ["monitoring", "stderr"], "values": [{"value": "load(child, prefix + name + '.')", "step": null, "ts": 1655391895.2197692}]}, "version": 83}
{"obj": {"type": "LogStrings", "path": ["monitoring", "stderr"], "values": [{"value": "\n", "step": null, "ts": 1655391895.2207708}]}, "version": 84}
{"obj": {"type": "LogStrings", "path": ["monitoring", "stderr"], "values": [{"value": "  File \"C:\\Users\\mario\\Anaconda3\\envs\\ddgpu\\lib\\site-packages\\torch\\nn\\modules\\module.py\", line 1466, in load\n", "step": null, "ts": 1655391895.2207708}]}, "version": 85}
{"obj": {"type": "LogStrings", "path": ["monitoring", "stderr"], "values": [{"value": "    ", "step": null, "ts": 1655391895.2337701}]}, "version": 86}
{"obj": {"type": "LogStrings", "path": ["monitoring", "stderr"], "values": [{"value": "load(child, prefix + name + '.')", "step": null, "ts": 1655391895.2347682}]}, "version": 87}
{"obj": {"type": "LogStrings", "path": ["monitoring", "stderr"], "values": [{"value": "\n", "step": null, "ts": 1655391895.2347682}]}, "version": 88}
{"obj": {"type": "LogStrings", "path": ["monitoring", "stderr"], "values": [{"value": "  File \"C:\\Users\\mario\\Anaconda3\\envs\\ddgpu\\lib\\site-packages\\torch\\nn\\modules\\module.py\", line 1466, in load\n", "step": null, "ts": 1655391895.2357678}]}, "version": 89}
{"obj": {"type": "LogStrings", "path": ["monitoring", "stderr"], "values": [{"value": "    ", "step": null, "ts": 1655391895.239769}]}, "version": 90}
{"obj": {"type": "LogStrings", "path": ["monitoring", "stderr"], "values": [{"value": "load(child, prefix + name + '.')", "step": null, "ts": 1655391895.240772}]}, "version": 91}
{"obj": {"type": "LogStrings", "path": ["monitoring", "stderr"], "values": [{"value": "\n", "step": null, "ts": 1655391895.2417681}]}, "version": 92}
{"obj": {"type": "LogStrings", "path": ["monitoring", "stderr"], "values": [{"value": "  [Previous line repeated 2 more times]\n", "step": null, "ts": 1655391895.2417681}]}, "version": 93}
{"obj": {"type": "LogStrings", "path": ["monitoring", "stderr"], "values": [{"value": "  File \"C:\\Users\\mario\\Anaconda3\\envs\\ddgpu\\lib\\site-packages\\torch\\nn\\modules\\module.py\", line 1463, in load\n", "step": null, "ts": 1655391895.2427702}]}, "version": 94}
{"obj": {"type": "LogStrings", "path": ["monitoring", "stderr"], "values": [{"value": "    ", "step": null, "ts": 1655391895.2467685}]}, "version": 95}
{"obj": {"type": "LogStrings", "path": ["monitoring", "stderr"], "values": [{"value": "state_dict, prefix, local_metadata, True, missing_keys, unexpected_keys, error_msgs)", "step": null, "ts": 1655391895.2477682}]}, "version": 96}
{"obj": {"type": "LogStrings", "path": ["monitoring", "stderr"], "values": [{"value": "\n", "step": null, "ts": 1655391895.2477682}]}, "version": 97}
{"obj": {"type": "LogStrings", "path": ["monitoring", "stderr"], "values": [{"value": "  File \"C:\\Users\\mario\\Anaconda3\\envs\\ddgpu\\lib\\site-packages\\torchvision\\ops\\misc.py\", line 85, in _load_from_state_dict\n", "step": null, "ts": 1655391895.248769}]}, "version": 98}
{"obj": {"type": "LogStrings", "path": ["monitoring", "stderr"], "values": [{"value": "    ", "step": null, "ts": 1655391895.2507677}]}, "version": 99}
{"obj": {"type": "LogStrings", "path": ["monitoring", "stderr"], "values": [{"value": "missing_keys, unexpected_keys, error_msgs)", "step": null, "ts": 1655391895.2507677}]}, "version": 100}
{"obj": {"type": "LogStrings", "path": ["monitoring", "stderr"], "values": [{"value": "\n", "step": null, "ts": 1655391895.2517684}]}, "version": 101}
{"obj": {"type": "LogStrings", "path": ["monitoring", "stderr"], "values": [{"value": "  File \"C:\\Users\\mario\\Anaconda3\\envs\\ddgpu\\lib\\site-packages\\torch\\nn\\modules\\module.py\", line 1419, in _load_from_state_dict\n", "step": null, "ts": 1655391895.2527697}]}, "version": 102}
{"obj": {"type": "LogStrings", "path": ["monitoring", "stderr"], "values": [{"value": "    ", "step": null, "ts": 1655391895.257769}]}, "version": 103}
{"obj": {"type": "LogStrings", "path": ["monitoring", "stderr"], "values": [{"value": "if key.startswith(prefix) and key != extra_state_key:", "step": null, "ts": 1655391895.2587686}]}, "version": 104}
{"obj": {"type": "LogStrings", "path": ["monitoring", "stderr"], "values": [{"value": "\n", "step": null, "ts": 1655391895.259771}]}, "version": 105}
{"obj": {"type": "LogStrings", "path": ["monitoring", "stderr"], "values": [{"value": "KeyboardInterrupt", "step": null, "ts": 1655391895.259771}]}, "version": 106}
{"obj": {"type": "LogStrings", "path": ["monitoring", "stderr"], "values": [{"value": "", "step": null, "ts": 1655391895.2607698}]}, "version": 107}
{"obj": {"type": "LogStrings", "path": ["monitoring", "stderr"], "values": [{"value": "\n", "step": null, "ts": 1655391895.2617698}]}, "version": 108}
