{"obj": {"type": "AssignString", "path": ["sys", "name"], "value": "Untitled"}, "version": 1}
{"obj": {"type": "AssignString", "path": ["sys", "description"], "value": ""}, "version": 2}
{"obj": {"type": "AssignString", "path": ["sys", "hostname"], "value": "DESKTOP-4F9PPL3"}, "version": 3}
{"obj": {"type": "AssignBool", "path": ["sys", "failed"], "value": false}, "version": 4}
{"obj": {"type": "ClearStringLog", "path": ["monitoring", "stdout"]}, "version": 5}
{"obj": {"type": "ClearStringLog", "path": ["monitoring", "stderr"]}, "version": 6}
{"obj": {"type": "AssignString", "path": ["source_code", "entrypoint"], "value": "CXR_TorchVision_TrainingScript.py"}, "version": 7}
{"obj": {"type": "UploadFileSet", "path": ["source_code", "files"], "file_globs": ["D:\\GitHub\\Mariuki\\DiseaseDetector\\DiseaseDetector_TorchVision\\CXR_TorchVision_TrainingScript.py"], "reset": "False"}, "version": 8}
{"obj": {"type": "ConfigFloatSeries", "path": ["monitoring", "cpu"], "min": 0.0, "max": 100.0, "unit": "%"}, "version": 9}
{"obj": {"type": "ClearFloatLog", "path": ["monitoring", "cpu"]}, "version": 10}
{"obj": {"type": "ConfigFloatSeries", "path": ["monitoring", "memory"], "min": 0.0, "max": 15.85989761352539, "unit": "GB"}, "version": 11}
{"obj": {"type": "ClearFloatLog", "path": ["monitoring", "memory"]}, "version": 12}
{"obj": {"type": "ConfigFloatSeries", "path": ["monitoring", "gpu"], "min": 0.0, "max": 100.0, "unit": "%"}, "version": 13}
{"obj": {"type": "ClearFloatLog", "path": ["monitoring", "gpu"]}, "version": 14}
{"obj": {"type": "ConfigFloatSeries", "path": ["monitoring", "gpu_memory"], "min": 0.0, "max": 6.0, "unit": "GB"}, "version": 15}
{"obj": {"type": "ClearFloatLog", "path": ["monitoring", "gpu_memory"]}, "version": 16}
{"obj": {"type": "LogFloats", "path": ["monitoring", "cpu"], "values": [{"value": 10.2, "step": null, "ts": 1655388482.754643}]}, "version": 17}
{"obj": {"type": "LogFloats", "path": ["monitoring", "memory"], "values": [{"value": 12.071678161621094, "step": null, "ts": 1655388482.754643}]}, "version": 18}
{"obj": {"type": "LogFloats", "path": ["monitoring", "gpu"], "values": [{"value": 1.0, "step": null, "ts": 1655388482.754643}]}, "version": 19}
{"obj": {"type": "LogFloats", "path": ["monitoring", "gpu_memory"], "values": [{"value": 0.4586906433105469, "step": null, "ts": 1655388482.754643}]}, "version": 20}
{"obj": {"type": "LogFloats", "path": ["monitoring", "cpu"], "values": [{"value": 88.2, "step": null, "ts": 1655388492.765678}]}, "version": 21}
{"obj": {"type": "LogFloats", "path": ["monitoring", "memory"], "values": [{"value": 13.967689514160156, "step": null, "ts": 1655388492.765678}]}, "version": 22}
{"obj": {"type": "LogFloats", "path": ["monitoring", "gpu"], "values": [{"value": 1.0, "step": null, "ts": 1655388492.765678}]}, "version": 23}
{"obj": {"type": "LogFloats", "path": ["monitoring", "gpu_memory"], "values": [{"value": 0.4586906433105469, "step": null, "ts": 1655388492.765678}]}, "version": 24}
{"obj": {"type": "LogStrings", "path": ["monitoring", "stdout"], "values": [{"value": "Dataset Train Ready!", "step": null, "ts": 1655388502.0835826}]}, "version": 25}
{"obj": {"type": "LogStrings", "path": ["monitoring", "stdout"], "values": [{"value": "\n", "step": null, "ts": 1655388502.0855896}]}, "version": 26}
{"obj": {"type": "LogFloats", "path": ["monitoring", "cpu"], "values": [{"value": 46.3, "step": null, "ts": 1655388502.7835822}]}, "version": 27}
{"obj": {"type": "LogFloats", "path": ["monitoring", "memory"], "values": [{"value": 12.913936614990234, "step": null, "ts": 1655388502.7835822}]}, "version": 28}
{"obj": {"type": "LogFloats", "path": ["monitoring", "gpu_memory"], "values": [{"value": 0.4584465026855469, "step": null, "ts": 1655388502.7835822}]}, "version": 29}
{"obj": {"type": "LogFloats", "path": ["monitoring", "cpu"], "values": [{"value": 100.0, "step": null, "ts": 1655388512.86758}]}, "version": 30}
{"obj": {"type": "LogFloats", "path": ["monitoring", "memory"], "values": [{"value": 13.370529174804688, "step": null, "ts": 1655388512.86758}]}, "version": 31}
{"obj": {"type": "LogFloats", "path": ["monitoring", "gpu"], "values": [{"value": 4.0, "step": null, "ts": 1655388512.86758}]}, "version": 32}
{"obj": {"type": "LogFloats", "path": ["monitoring", "gpu_memory"], "values": [{"value": 0.4625968933105469, "step": null, "ts": 1655388512.86758}]}, "version": 33}
{"obj": {"type": "LogFloats", "path": ["monitoring", "cpu"], "values": [{"value": 100.0, "step": null, "ts": 1655388522.9315825}]}, "version": 34}
{"obj": {"type": "LogFloats", "path": ["monitoring", "memory"], "values": [{"value": 13.703601837158203, "step": null, "ts": 1655388522.9315825}]}, "version": 35}
{"obj": {"type": "LogFloats", "path": ["monitoring", "gpu_memory"], "values": [{"value": 0.4625968933105469, "step": null, "ts": 1655388522.9315825}]}, "version": 36}
{"obj": {"type": "LogFloats", "path": ["monitoring", "cpu"], "values": [{"value": 100.0, "step": null, "ts": 1655388533.001584}]}, "version": 37}
{"obj": {"type": "LogFloats", "path": ["monitoring", "memory"], "values": [{"value": 14.494400024414062, "step": null, "ts": 1655388533.001584}]}, "version": 38}
{"obj": {"type": "LogFloats", "path": ["monitoring", "gpu_memory"], "values": [{"value": 0.4625968933105469, "step": null, "ts": 1655388533.001584}]}, "version": 39}
{"obj": {"type": "LogStrings", "path": ["monitoring", "stdout"], "values": [{"value": "Dataset Test Ready!", "step": null, "ts": 1655388540.1515808}]}, "version": 40}
{"obj": {"type": "LogStrings", "path": ["monitoring", "stdout"], "values": [{"value": "\n", "step": null, "ts": 1655388540.1535826}]}, "version": 41}
{"obj": {"type": "LogFloats", "path": ["monitoring", "cpu"], "values": [{"value": 82.3, "step": null, "ts": 1655388543.0570972}]}, "version": 42}
{"obj": {"type": "LogFloats", "path": ["monitoring", "memory"], "values": [{"value": 13.187793731689453, "step": null, "ts": 1655388543.0570972}]}, "version": 43}
{"obj": {"type": "LogFloats", "path": ["monitoring", "gpu"], "values": [{"value": 6.0, "step": null, "ts": 1655388543.0570972}]}, "version": 44}
{"obj": {"type": "LogFloats", "path": ["monitoring", "gpu_memory"], "values": [{"value": 0.683258056640625, "step": null, "ts": 1655388543.0570972}]}, "version": 45}
{"obj": {"type": "LogFloats", "path": ["monitoring", "cpu"], "values": [{"value": 31.6, "step": null, "ts": 1655388553.0836244}]}, "version": 46}
{"obj": {"type": "LogFloats", "path": ["monitoring", "memory"], "values": [{"value": 15.739253997802734, "step": null, "ts": 1655388553.0836244}]}, "version": 47}
{"obj": {"type": "LogFloats", "path": ["monitoring", "gpu_memory"], "values": [{"value": 0.682952880859375, "step": null, "ts": 1655388553.0836244}]}, "version": 48}
{"obj": {"type": "LogFloats", "path": ["monitoring", "cpu"], "values": [{"value": 46.7, "step": null, "ts": 1655388563.104511}]}, "version": 49}
{"obj": {"type": "LogFloats", "path": ["monitoring", "memory"], "values": [{"value": 14.75906753540039, "step": null, "ts": 1655388563.104511}]}, "version": 50}
{"obj": {"type": "LogFloats", "path": ["monitoring", "gpu"], "values": [{"value": 14.0, "step": null, "ts": 1655388563.104511}]}, "version": 51}
{"obj": {"type": "LogFloats", "path": ["monitoring", "gpu_memory"], "values": [{"value": 0.682952880859375, "step": null, "ts": 1655388563.104511}]}, "version": 52}
{"obj": {"type": "LogFloats", "path": ["monitoring", "cpu"], "values": [{"value": 47.8, "step": null, "ts": 1655388573.143516}]}, "version": 53}
{"obj": {"type": "LogFloats", "path": ["monitoring", "memory"], "values": [{"value": 15.855220794677734, "step": null, "ts": 1655388573.143516}]}, "version": 54}
{"obj": {"type": "LogFloats", "path": ["monitoring", "gpu_memory"], "values": [{"value": 0.682952880859375, "step": null, "ts": 1655388573.143516}]}, "version": 55}
{"obj": {"type": "LogFloats", "path": ["monitoring", "cpu"], "values": [{"value": 75.5, "step": null, "ts": 1655388583.1993005}]}, "version": 56}
{"obj": {"type": "LogFloats", "path": ["monitoring", "memory"], "values": [{"value": 14.89815902709961, "step": null, "ts": 1655388583.1993005}]}, "version": 57}
{"obj": {"type": "LogFloats", "path": ["monitoring", "gpu"], "values": [{"value": 6.0, "step": null, "ts": 1655388583.1993005}]}, "version": 58}
{"obj": {"type": "LogFloats", "path": ["monitoring", "gpu_memory"], "values": [{"value": 0.783233642578125, "step": null, "ts": 1655388583.1993005}]}, "version": 59}
{"obj": {"type": "LogFloats", "path": ["monitoring", "cpu"], "values": [{"value": 94.5, "step": null, "ts": 1655388593.2578962}]}, "version": 60}
{"obj": {"type": "LogFloats", "path": ["monitoring", "memory"], "values": [{"value": 15.104637145996094, "step": null, "ts": 1655388593.2578962}]}, "version": 61}
{"obj": {"type": "LogFloats", "path": ["monitoring", "gpu"], "values": [{"value": 6.0, "step": null, "ts": 1655388593.2578962}]}, "version": 62}
{"obj": {"type": "LogFloats", "path": ["monitoring", "gpu_memory"], "values": [{"value": 1.025299072265625, "step": null, "ts": 1655388593.2578962}]}, "version": 63}
{"obj": {"type": "LogFloats", "path": ["monitoring", "cpu"], "values": [{"value": 87.4, "step": null, "ts": 1655388603.3095908}]}, "version": 64}
{"obj": {"type": "LogFloats", "path": ["monitoring", "memory"], "values": [{"value": 15.295795440673828, "step": null, "ts": 1655388603.3095908}]}, "version": 65}
{"obj": {"type": "LogFloats", "path": ["monitoring", "gpu"], "values": [{"value": 3.0, "step": null, "ts": 1655388603.3095908}]}, "version": 66}
{"obj": {"type": "LogFloats", "path": ["monitoring", "gpu_memory"], "values": [{"value": 1.357574462890625, "step": null, "ts": 1655388603.3095908}]}, "version": 67}
{"obj": {"type": "LogStrings", "path": ["monitoring", "stderr"], "values": [{"value": "C:\\Users\\mario\\Anaconda3\\envs\\ddgpu\\lib\\site-packages\\torch\\functional.py:445: UserWarning: torch.meshgrid: in an upcoming release, it will be required to pass the indexing argument. (Triggered internally at  ..\\aten\\src\\ATen\\native\\TensorShape.cpp:2157.)\n  return _VF.meshgrid(tensors, **kwargs)  # type: ignore[attr-defined]\n", "step": null, "ts": 1655388603.9135907}]}, "version": 68}
{"obj": {"type": "LogStrings", "path": ["monitoring", "stdout"], "values": [{"value": "Epoch: [0]  [  0/374]  eta: 6:34:32  lr: 0.000018  loss: 2.4443 (2.4443)  loss_classifier: 2.2672 (2.2672)  loss_box_reg: 0.1094 (0.1094)  loss_objectness: 0.0589 (0.0589)  loss_rpn_box_reg: 0.0088 (0.0088)  time: 63.2965  data: 37.6914  max mem: 1625", "step": null, "ts": 1655388605.8825912}]}, "version": 69}
{"obj": {"type": "LogStrings", "path": ["monitoring", "stdout"], "values": [{"value": "\n", "step": null, "ts": 1655388605.8835902}]}, "version": 70}
{"obj": {"type": "LogStrings", "path": ["monitoring", "traceback"], "values": [{"value": "An uncaught exception occurred while run was active on worker DESKTOP-4F9PPL3.", "step": null, "ts": 1655388606.7535882}, {"value": "Marking run as failed", "step": null, "ts": 1655388606.7535882}, {"value": "Traceback:", "step": null, "ts": 1655388606.7535882}, {"value": "  File \"CXR_TorchVision_TrainingScript.py\", line 198, in <module>\n    main()\n", "step": null, "ts": 1655388606.7535882}, {"value": "  File \"CXR_TorchVision_TrainingScript.py\", line 171, in main\n    npl = train_one_epoch(model, optimizer, data_loader, device, epoch, print_freq=10)\n", "step": null, "ts": 1655388606.7535882}, {"value": "  File \"D:\\GitHub\\Mariuki\\DiseaseDetector\\DiseaseDetector_TorchVision\\engine.py\", line 27, in train_one_epoch\n    for images, targets in metric_logger.log_every(data_loader, print_freq, header):\n", "step": null, "ts": 1655388606.7535882}, {"value": "  File \"D:\\GitHub\\Mariuki\\DiseaseDetector\\DiseaseDetector_TorchVision\\utils.py\", line 171, in log_every\n    for obj in iterable:\n", "step": null, "ts": 1655388606.7535882}, {"value": "  File \"C:\\Users\\mario\\Anaconda3\\envs\\ddgpu\\lib\\site-packages\\torch\\utils\\data\\dataloader.py\", line 521, in __next__\n    data = self._next_data()\n", "step": null, "ts": 1655388606.7535882}, {"value": "  File \"C:\\Users\\mario\\Anaconda3\\envs\\ddgpu\\lib\\site-packages\\torch\\utils\\data\\dataloader.py\", line 1183, in _next_data\n    return self._process_data(data)\n", "step": null, "ts": 1655388606.7535882}, {"value": "  File \"C:\\Users\\mario\\Anaconda3\\envs\\ddgpu\\lib\\site-packages\\torch\\utils\\data\\dataloader.py\", line 1229, in _process_data\n    data.reraise()\n", "step": null, "ts": 1655388606.7535882}]}, "version": 71}
{"obj": {"type": "LogStrings", "path": ["monitoring", "traceback"], "values": [{"value": "  File \"C:\\Users\\mario\\Anaconda3\\envs\\ddgpu\\lib\\site-packages\\torch\\_utils.py\", line 434, in reraise\n    raise exception\n", "step": null, "ts": 1655388606.7535882}, {"value": "Caught AttributeError in DataLoader worker process 2.", "step": null, "ts": 1655388606.7535882}, {"value": "Original Traceback (most recent call last):", "step": null, "ts": 1655388606.7535882}, {"value": "  File \"C:\\Users\\mario\\Anaconda3\\envs\\ddgpu\\lib\\site-packages\\torch\\utils\\data\\_utils\\worker.py\", line 287, in _worker_loop", "step": null, "ts": 1655388606.7535882}, {"value": "    data = fetcher.fetch(index)", "step": null, "ts": 1655388606.7535882}, {"value": "  File \"C:\\Users\\mario\\Anaconda3\\envs\\ddgpu\\lib\\site-packages\\torch\\utils\\data\\_utils\\fetch.py\", line 49, in fetch", "step": null, "ts": 1655388606.7535882}, {"value": "    data = [self.dataset[idx] for idx in possibly_batched_index]", "step": null, "ts": 1655388606.7535882}, {"value": "  File \"C:\\Users\\mario\\Anaconda3\\envs\\ddgpu\\lib\\site-packages\\torch\\utils\\data\\_utils\\fetch.py\", line 49, in <listcomp>", "step": null, "ts": 1655388606.7535882}, {"value": "    data = [self.dataset[idx] for idx in possibly_batched_index]", "step": null, "ts": 1655388606.7535882}, {"value": "  File \"D:\\GitHub\\Mariuki\\DiseaseDetector\\DiseaseDetector_TorchVision\\tools.py\", line 172, in __getitem__", "step": null, "ts": 1655388606.7535882}]}, "version": 72}
{"obj": {"type": "LogStrings", "path": ["monitoring", "traceback"], "values": [{"value": "    x, tgt = self.transform(x, tgt)  # Regresa np.ndarrays", "step": null, "ts": 1655388606.7535882}, {"value": "  File \"D:\\GitHub\\Mariuki\\DiseaseDetector\\DiseaseDetector_TorchVision\\transforms.py\", line 27, in __call__", "step": null, "ts": 1655388606.7535882}, {"value": "    image, target = t(image, target)", "step": null, "ts": 1655388606.7535882}, {"value": "  File \"C:\\Users\\mario\\Anaconda3\\envs\\ddgpu\\lib\\site-packages\\torch\\nn\\modules\\module.py\", line 1102, in _call_impl", "step": null, "ts": 1655388606.7535882}, {"value": "    return forward_call(*input, **kwargs)", "step": null, "ts": 1655388606.7535882}, {"value": "  File \"D:\\GitHub\\Mariuki\\DiseaseDetector\\DiseaseDetector_TorchVision\\transforms.py\", line 38, in forward", "step": null, "ts": 1655388606.7535882}, {"value": "    _, _, width = F.get_dimensions(image)", "step": null, "ts": 1655388606.7535882}, {"value": "AttributeError: module 'torchvision.transforms.functional' has no attribute 'get_dimensions'", "step": null, "ts": 1655388606.7535882}, {"value": "", "step": null, "ts": 1655388606.7535882}]}, "version": 73}
{"obj": {"type": "AssignBool", "path": ["sys", "failed"], "value": true}, "version": 74}
{"obj": {"type": "LogStrings", "path": ["monitoring", "stderr"], "values": [{"value": "Traceback (most recent call last):\n", "step": null, "ts": 1655388606.76159}]}, "version": 75}
{"obj": {"type": "LogStrings", "path": ["monitoring", "stderr"], "values": [{"value": "  File \"CXR_TorchVision_TrainingScript.py\", line 198, in <module>\n", "step": null, "ts": 1655388606.7625902}]}, "version": 76}
{"obj": {"type": "LogStrings", "path": ["monitoring", "stderr"], "values": [{"value": "    ", "step": null, "ts": 1655388606.8185923}]}, "version": 77}
{"obj": {"type": "LogStrings", "path": ["monitoring", "stderr"], "values": [{"value": "main()", "step": null, "ts": 1655388606.8195922}]}, "version": 78}
{"obj": {"type": "LogStrings", "path": ["monitoring", "stderr"], "values": [{"value": "\n", "step": null, "ts": 1655388606.8195922}]}, "version": 79}
{"obj": {"type": "LogStrings", "path": ["monitoring", "stderr"], "values": [{"value": "  File \"CXR_TorchVision_TrainingScript.py\", line 171, in main\n", "step": null, "ts": 1655388606.8205912}]}, "version": 80}
{"obj": {"type": "LogStrings", "path": ["monitoring", "stderr"], "values": [{"value": "    ", "step": null, "ts": 1655388606.8235898}]}, "version": 81}
{"obj": {"type": "LogStrings", "path": ["monitoring", "stderr"], "values": [{"value": "npl = train_one_epoch(model, optimizer, data_loader, device, epoch, print_freq=10)", "step": null, "ts": 1655388606.8245912}]}, "version": 82}
{"obj": {"type": "LogStrings", "path": ["monitoring", "stderr"], "values": [{"value": "\n", "step": null, "ts": 1655388606.8245912}]}, "version": 83}
{"obj": {"type": "LogStrings", "path": ["monitoring", "stderr"], "values": [{"value": "  File \"D:\\GitHub\\Mariuki\\DiseaseDetector\\DiseaseDetector_TorchVision\\engine.py\", line 27, in train_one_epoch\n", "step": null, "ts": 1655388606.8255906}]}, "version": 84}
{"obj": {"type": "LogStrings", "path": ["monitoring", "stderr"], "values": [{"value": "    ", "step": null, "ts": 1655388607.005075}]}, "version": 85}
{"obj": {"type": "LogStrings", "path": ["monitoring", "stderr"], "values": [{"value": "for images, targets in metric_logger.log_every(data_loader, print_freq, header):", "step": null, "ts": 1655388607.005075}]}, "version": 86}
{"obj": {"type": "LogStrings", "path": ["monitoring", "stderr"], "values": [{"value": "\n", "step": null, "ts": 1655388607.0060751}]}, "version": 87}
{"obj": {"type": "LogStrings", "path": ["monitoring", "stderr"], "values": [{"value": "  File \"D:\\GitHub\\Mariuki\\DiseaseDetector\\DiseaseDetector_TorchVision\\utils.py\", line 171, in log_every\n", "step": null, "ts": 1655388607.0060751}]}, "version": 88}
{"obj": {"type": "LogStrings", "path": ["monitoring", "stderr"], "values": [{"value": "    ", "step": null, "ts": 1655388607.0070744}]}, "version": 89}
{"obj": {"type": "LogStrings", "path": ["monitoring", "stderr"], "values": [{"value": "for obj in iterable:", "step": null, "ts": 1655388607.0070744}]}, "version": 90}
{"obj": {"type": "LogStrings", "path": ["monitoring", "stderr"], "values": [{"value": "\n", "step": null, "ts": 1655388607.008074}]}, "version": 91}
{"obj": {"type": "LogStrings", "path": ["monitoring", "stderr"], "values": [{"value": "  File \"C:\\Users\\mario\\Anaconda3\\envs\\ddgpu\\lib\\site-packages\\torch\\utils\\data\\dataloader.py\", line 521, in __next__\n", "step": null, "ts": 1655388607.008074}]}, "version": 92}
{"obj": {"type": "LogStrings", "path": ["monitoring", "stderr"], "values": [{"value": "    ", "step": null, "ts": 1655388607.0100842}]}, "version": 93}
{"obj": {"type": "LogStrings", "path": ["monitoring", "stderr"], "values": [{"value": "data = self._next_data()", "step": null, "ts": 1655388607.011074}]}, "version": 94}
{"obj": {"type": "LogStrings", "path": ["monitoring", "stderr"], "values": [{"value": "\n", "step": null, "ts": 1655388607.011074}]}, "version": 95}
{"obj": {"type": "LogStrings", "path": ["monitoring", "stderr"], "values": [{"value": "  File \"C:\\Users\\mario\\Anaconda3\\envs\\ddgpu\\lib\\site-packages\\torch\\utils\\data\\dataloader.py\", line 1183, in _next_data\n", "step": null, "ts": 1655388607.011074}]}, "version": 96}
{"obj": {"type": "LogStrings", "path": ["monitoring", "stderr"], "values": [{"value": "    ", "step": null, "ts": 1655388607.0130744}]}, "version": 97}
{"obj": {"type": "LogStrings", "path": ["monitoring", "stderr"], "values": [{"value": "return self._process_data(data)", "step": null, "ts": 1655388607.014075}]}, "version": 98}
{"obj": {"type": "LogStrings", "path": ["monitoring", "stderr"], "values": [{"value": "\n", "step": null, "ts": 1655388607.014075}]}, "version": 99}
{"obj": {"type": "LogStrings", "path": ["monitoring", "stderr"], "values": [{"value": "  File \"C:\\Users\\mario\\Anaconda3\\envs\\ddgpu\\lib\\site-packages\\torch\\utils\\data\\dataloader.py\", line 1229, in _process_data\n", "step": null, "ts": 1655388607.0150762}]}, "version": 100}
{"obj": {"type": "LogStrings", "path": ["monitoring", "stderr"], "values": [{"value": "    ", "step": null, "ts": 1655388607.019038}]}, "version": 101}
{"obj": {"type": "LogStrings", "path": ["monitoring", "stderr"], "values": [{"value": "data.reraise()", "step": null, "ts": 1655388607.019038}]}, "version": 102}
{"obj": {"type": "LogStrings", "path": ["monitoring", "stderr"], "values": [{"value": "\n", "step": null, "ts": 1655388607.0200338}]}, "version": 103}
{"obj": {"type": "LogStrings", "path": ["monitoring", "stderr"], "values": [{"value": "  File \"C:\\Users\\mario\\Anaconda3\\envs\\ddgpu\\lib\\site-packages\\torch\\_utils.py\", line 434, in reraise\n", "step": null, "ts": 1655388607.0200338}]}, "version": 104}
{"obj": {"type": "LogStrings", "path": ["monitoring", "stderr"], "values": [{"value": "    ", "step": null, "ts": 1655388607.0220318}]}, "version": 105}
{"obj": {"type": "LogStrings", "path": ["monitoring", "stderr"], "values": [{"value": "raise exception", "step": null, "ts": 1655388607.023036}]}, "version": 106}
{"obj": {"type": "LogStrings", "path": ["monitoring", "stderr"], "values": [{"value": "\n", "step": null, "ts": 1655388607.023036}]}, "version": 107}
{"obj": {"type": "LogStrings", "path": ["monitoring", "stderr"], "values": [{"value": "AttributeError", "step": null, "ts": 1655388607.0240328}]}, "version": 108}
{"obj": {"type": "LogStrings", "path": ["monitoring", "stderr"], "values": [{"value": ": ", "step": null, "ts": 1655388607.0240328}]}, "version": 109}
{"obj": {"type": "LogStrings", "path": ["monitoring", "stderr"], "values": [{"value": "Caught AttributeError in DataLoader worker process 2.\nOriginal Traceback (most recent call last):\n  File \"C:\\Users\\mario\\Anaconda3\\envs\\ddgpu\\lib\\site-packages\\torch\\utils\\data\\_utils\\worker.py\", line 287, in _worker_loop\n    data = fetcher.fetch(index)\n  File \"C:\\Users\\mario\\Anaconda3\\envs\\ddgpu\\lib\\site-packages\\torch\\utils\\data\\_utils\\fetch.py\", line 49, in fetch\n    data = [self.dataset[idx] for idx in possibly_batched_index]\n  File \"C:\\Users\\mario\\Anaconda3\\envs\\ddgpu\\lib\\site-packages\\torch\\utils\\data\\_utils\\fetch.py\", line 49, in <listcomp>\n    data = [self.dataset[idx] for idx in possibly_batched_index]\n  File \"D:\\GitHub\\Mariuki\\DiseaseDetector\\DiseaseDetector_TorchVision\\tools.py\", line 172, in __getitem__\n    x, tgt = self.transform(x, tgt)  # Regresa np.ndarrays\n  File \"D:\\GitHub\\Mariuki\\DiseaseDetector\\DiseaseDetector_TorchVision\\transforms.py\", line 27, in __call__\n    image, target = t(image, target)\n  File \"C:\\Users\\mario\\Anaconda3\\envs\\ddgpu\\lib\\site-packages\\torch\\nn\\m", "step": null, "ts": 1655388607.0250335}]}, "version": 110}
{"obj": {"type": "LogStrings", "path": ["monitoring", "stderr"], "values": [{"value": "\n", "step": null, "ts": 1655388607.0360322}]}, "version": 111}
