{"obj": {"type": "AssignString", "path": ["sys", "name"], "value": "Untitled"}, "version": 1}
{"obj": {"type": "AssignString", "path": ["sys", "description"], "value": ""}, "version": 2}
{"obj": {"type": "AssignString", "path": ["sys", "hostname"], "value": "DESKTOP-4F9PPL3"}, "version": 3}
{"obj": {"type": "AssignBool", "path": ["sys", "failed"], "value": false}, "version": 4}
{"obj": {"type": "ClearStringLog", "path": ["monitoring", "stdout"]}, "version": 5}
{"obj": {"type": "ClearStringLog", "path": ["monitoring", "stderr"]}, "version": 6}
{"obj": {"type": "AssignString", "path": ["source_code", "entrypoint"], "value": "CXR_TorchVision_TrainingScript.py"}, "version": 7}
{"obj": {"type": "UploadFileSet", "path": ["source_code", "files"], "file_globs": ["D:\\GitHub\\Mariuki\\DiseaseDetector\\DiseaseDetector_TorchVision\\CXR_TorchVision_TrainingScript.py"], "reset": "False"}, "version": 8}
{"obj": {"type": "ConfigFloatSeries", "path": ["monitoring", "cpu"], "min": 0.0, "max": 100.0, "unit": "%"}, "version": 9}
{"obj": {"type": "ClearFloatLog", "path": ["monitoring", "cpu"]}, "version": 10}
{"obj": {"type": "ConfigFloatSeries", "path": ["monitoring", "memory"], "min": 0.0, "max": 15.85989761352539, "unit": "GB"}, "version": 11}
{"obj": {"type": "ClearFloatLog", "path": ["monitoring", "memory"]}, "version": 12}
{"obj": {"type": "ConfigFloatSeries", "path": ["monitoring", "gpu"], "min": 0.0, "max": 100.0, "unit": "%"}, "version": 13}
{"obj": {"type": "ClearFloatLog", "path": ["monitoring", "gpu"]}, "version": 14}
{"obj": {"type": "ConfigFloatSeries", "path": ["monitoring", "gpu_memory"], "min": 0.0, "max": 6.0, "unit": "GB"}, "version": 15}
{"obj": {"type": "ClearFloatLog", "path": ["monitoring", "gpu_memory"]}, "version": 16}
{"obj": {"type": "LogFloats", "path": ["monitoring", "cpu"], "values": [{"value": 46.2, "step": null, "ts": 1655389117.8013284}]}, "version": 17}
{"obj": {"type": "LogFloats", "path": ["monitoring", "memory"], "values": [{"value": 9.03802490234375, "step": null, "ts": 1655389117.8013284}]}, "version": 18}
{"obj": {"type": "LogFloats", "path": ["monitoring", "gpu"], "values": [{"value": 22.0, "step": null, "ts": 1655389117.8013284}]}, "version": 19}
{"obj": {"type": "LogFloats", "path": ["monitoring", "gpu_memory"], "values": [{"value": 0.4391593933105469, "step": null, "ts": 1655389117.8013284}]}, "version": 20}
{"obj": {"type": "LogFloats", "path": ["monitoring", "cpu"], "values": [{"value": 97.2, "step": null, "ts": 1655389127.8733234}]}, "version": 21}
{"obj": {"type": "LogFloats", "path": ["monitoring", "memory"], "values": [{"value": 10.403800964355469, "step": null, "ts": 1655389127.8733234}]}, "version": 22}
{"obj": {"type": "LogFloats", "path": ["monitoring", "gpu"], "values": [{"value": 13.0, "step": null, "ts": 1655389127.8733234}]}, "version": 23}
{"obj": {"type": "LogFloats", "path": ["monitoring", "gpu_memory"], "values": [{"value": 0.4397087097167969, "step": null, "ts": 1655389127.8733234}]}, "version": 24}
{"obj": {"type": "LogFloats", "path": ["monitoring", "cpu"], "values": [{"value": 99.6, "step": null, "ts": 1655389137.9153361}]}, "version": 25}
{"obj": {"type": "LogFloats", "path": ["monitoring", "memory"], "values": [{"value": 10.748401641845703, "step": null, "ts": 1655389137.9153361}]}, "version": 26}
{"obj": {"type": "LogFloats", "path": ["monitoring", "gpu"], "values": [{"value": 25.0, "step": null, "ts": 1655389137.9153361}]}, "version": 27}
{"obj": {"type": "LogFloats", "path": ["monitoring", "gpu_memory"], "values": [{"value": 0.4842643737792969, "step": null, "ts": 1655389137.9153361}]}, "version": 28}
{"obj": {"type": "LogFloats", "path": ["monitoring", "cpu"], "values": [{"value": 99.5, "step": null, "ts": 1655389147.982973}]}, "version": 29}
{"obj": {"type": "LogFloats", "path": ["monitoring", "memory"], "values": [{"value": 11.465660095214844, "step": null, "ts": 1655389147.982973}]}, "version": 30}
{"obj": {"type": "LogFloats", "path": ["monitoring", "gpu_memory"], "values": [{"value": 0.4387931823730469, "step": null, "ts": 1655389147.982973}]}, "version": 31}
{"obj": {"type": "LogStrings", "path": ["monitoring", "stdout"], "values": [{"value": "Dataset Train Ready!", "step": null, "ts": 1655389150.89497}]}, "version": 32}
{"obj": {"type": "LogStrings", "path": ["monitoring", "stdout"], "values": [{"value": "\n", "step": null, "ts": 1655389150.895972}]}, "version": 33}
{"obj": {"type": "LogFloats", "path": ["monitoring", "cpu"], "values": [{"value": 99.9, "step": null, "ts": 1655389158.0415337}]}, "version": 34}
{"obj": {"type": "LogFloats", "path": ["monitoring", "memory"], "values": [{"value": 9.994850158691406, "step": null, "ts": 1655389158.0415337}]}, "version": 35}
{"obj": {"type": "LogFloats", "path": ["monitoring", "gpu"], "values": [{"value": 18.0, "step": null, "ts": 1655389158.0415337}]}, "version": 36}
{"obj": {"type": "LogFloats", "path": ["monitoring", "gpu_memory"], "values": [{"value": 0.4622306823730469, "step": null, "ts": 1655389158.0415337}]}, "version": 37}
{"obj": {"type": "LogFloats", "path": ["monitoring", "cpu"], "values": [{"value": 100.0, "step": null, "ts": 1655389168.0935414}]}, "version": 38}
{"obj": {"type": "LogFloats", "path": ["monitoring", "memory"], "values": [{"value": 10.344257354736328, "step": null, "ts": 1655389168.0935414}]}, "version": 39}
{"obj": {"type": "LogFloats", "path": ["monitoring", "gpu"], "values": [{"value": 1.0, "step": null, "ts": 1655389168.0935414}]}, "version": 40}
{"obj": {"type": "LogFloats", "path": ["monitoring", "gpu_memory"], "values": [{"value": 0.4622306823730469, "step": null, "ts": 1655389168.0935414}]}, "version": 41}
{"obj": {"type": "LogFloats", "path": ["monitoring", "cpu"], "values": [{"value": 95.9, "step": null, "ts": 1655389178.244522}]}, "version": 42}
{"obj": {"type": "LogFloats", "path": ["monitoring", "memory"], "values": [{"value": 11.558109283447266, "step": null, "ts": 1655389178.244522}]}, "version": 43}
{"obj": {"type": "LogFloats", "path": ["monitoring", "gpu"], "values": [{"value": 3.0, "step": null, "ts": 1655389178.244522}]}, "version": 44}
{"obj": {"type": "LogFloats", "path": ["monitoring", "gpu_memory"], "values": [{"value": 0.4623527526855469, "step": null, "ts": 1655389178.244522}]}, "version": 45}
{"obj": {"type": "LogStrings", "path": ["monitoring", "stdout"], "values": [{"value": "Dataset Test Ready!", "step": null, "ts": 1655389179.1171994}]}, "version": 46}
{"obj": {"type": "LogStrings", "path": ["monitoring", "stdout"], "values": [{"value": "\n", "step": null, "ts": 1655389179.1181996}]}, "version": 47}
{"obj": {"type": "LogFloats", "path": ["monitoring", "cpu"], "values": [{"value": 28.2, "step": null, "ts": 1655389188.258501}]}, "version": 48}
{"obj": {"type": "LogFloats", "path": ["monitoring", "memory"], "values": [{"value": 10.71533203125, "step": null, "ts": 1655389188.258501}]}, "version": 49}
{"obj": {"type": "LogFloats", "path": ["monitoring", "gpu_memory"], "values": [{"value": 0.683197021484375, "step": null, "ts": 1655389188.258501}]}, "version": 50}
{"obj": {"type": "LogFloats", "path": ["monitoring", "cpu"], "values": [{"value": 33.6, "step": null, "ts": 1655389198.3166347}]}, "version": 51}
{"obj": {"type": "LogFloats", "path": ["monitoring", "memory"], "values": [{"value": 12.831306457519531, "step": null, "ts": 1655389198.3166347}]}, "version": 52}
{"obj": {"type": "LogFloats", "path": ["monitoring", "gpu"], "values": [{"value": 1.0, "step": null, "ts": 1655389198.3166347}]}, "version": 53}
{"obj": {"type": "LogFloats", "path": ["monitoring", "gpu_memory"], "values": [{"value": 0.683197021484375, "step": null, "ts": 1655389198.3166347}]}, "version": 54}
{"obj": {"type": "LogFloats", "path": ["monitoring", "cpu"], "values": [{"value": 49.4, "step": null, "ts": 1655389208.3576438}]}, "version": 55}
{"obj": {"type": "LogFloats", "path": ["monitoring", "memory"], "values": [{"value": 12.622249603271484, "step": null, "ts": 1655389208.3576438}]}, "version": 56}
{"obj": {"type": "LogFloats", "path": ["monitoring", "gpu_memory"], "values": [{"value": 0.702911376953125, "step": null, "ts": 1655389208.3576438}]}, "version": 57}
{"obj": {"type": "LogStrings", "path": ["monitoring", "traceback"], "values": [{"value": "An uncaught exception occurred while run was active on worker DESKTOP-4F9PPL3.", "step": null, "ts": 1655389212.066641}, {"value": "Marking run as failed", "step": null, "ts": 1655389212.066641}, {"value": "Traceback:", "step": null, "ts": 1655389212.066641}, {"value": "  File \"CXR_TorchVision_TrainingScript.py\", line 198, in <module>\n    main()\n", "step": null, "ts": 1655389212.066641}, {"value": "  File \"CXR_TorchVision_TrainingScript.py\", line 171, in main\n    npl = train_one_epoch(model, optimizer, data_loader, device, epoch, print_freq=10)\n", "step": null, "ts": 1655389212.066641}, {"value": "  File \"D:\\GitHub\\Mariuki\\DiseaseDetector\\DiseaseDetector_TorchVision\\engine.py\", line 27, in train_one_epoch\n    for images, targets in metric_logger.log_every(data_loader, print_freq, header):\n", "step": null, "ts": 1655389212.066641}, {"value": "  File \"D:\\GitHub\\Mariuki\\DiseaseDetector\\DiseaseDetector_TorchVision\\utils.py\", line 171, in log_every\n    for obj in iterable:\n", "step": null, "ts": 1655389212.066641}, {"value": "  File \"C:\\Users\\mario\\Anaconda3\\envs\\ddgpu\\lib\\site-packages\\torch\\utils\\data\\dataloader.py\", line 521, in __next__\n    data = self._next_data()\n", "step": null, "ts": 1655389212.066641}, {"value": "  File \"C:\\Users\\mario\\Anaconda3\\envs\\ddgpu\\lib\\site-packages\\torch\\utils\\data\\dataloader.py\", line 1203, in _next_data\n    return self._process_data(data)\n", "step": null, "ts": 1655389212.066641}, {"value": "  File \"C:\\Users\\mario\\Anaconda3\\envs\\ddgpu\\lib\\site-packages\\torch\\utils\\data\\dataloader.py\", line 1229, in _process_data\n    data.reraise()\n", "step": null, "ts": 1655389212.066641}]}, "version": 58}
{"obj": {"type": "LogStrings", "path": ["monitoring", "traceback"], "values": [{"value": "  File \"C:\\Users\\mario\\Anaconda3\\envs\\ddgpu\\lib\\site-packages\\torch\\_utils.py\", line 434, in reraise\n    raise exception\n", "step": null, "ts": 1655389212.066641}, {"value": "Caught NameError in DataLoader worker process 0.", "step": null, "ts": 1655389212.066641}, {"value": "Original Traceback (most recent call last):", "step": null, "ts": 1655389212.066641}, {"value": "  File \"C:\\Users\\mario\\Anaconda3\\envs\\ddgpu\\lib\\site-packages\\torch\\utils\\data\\_utils\\worker.py\", line 287, in _worker_loop", "step": null, "ts": 1655389212.066641}, {"value": "    data = fetcher.fetch(index)", "step": null, "ts": 1655389212.066641}, {"value": "  File \"C:\\Users\\mario\\Anaconda3\\envs\\ddgpu\\lib\\site-packages\\torch\\utils\\data\\_utils\\fetch.py\", line 49, in fetch", "step": null, "ts": 1655389212.066641}, {"value": "    data = [self.dataset[idx] for idx in possibly_batched_index]", "step": null, "ts": 1655389212.066641}, {"value": "  File \"C:\\Users\\mario\\Anaconda3\\envs\\ddgpu\\lib\\site-packages\\torch\\utils\\data\\_utils\\fetch.py\", line 49, in <listcomp>", "step": null, "ts": 1655389212.066641}, {"value": "    data = [self.dataset[idx] for idx in possibly_batched_index]", "step": null, "ts": 1655389212.066641}, {"value": "  File \"D:\\GitHub\\Mariuki\\DiseaseDetector\\DiseaseDetector_TorchVision\\tools.py\", line 172, in __getitem__", "step": null, "ts": 1655389212.066641}]}, "version": 59}
{"obj": {"type": "LogStrings", "path": ["monitoring", "traceback"], "values": [{"value": "    x, tgt = self.transform(x, tgt)  # Regresa np.ndarrays", "step": null, "ts": 1655389212.066641}, {"value": "  File \"D:\\GitHub\\Mariuki\\DiseaseDetector\\DiseaseDetector_TorchVision\\transforms.py\", line 27, in __call__", "step": null, "ts": 1655389212.066641}, {"value": "    image, target = t(image, target)", "step": null, "ts": 1655389212.066641}, {"value": "  File \"D:\\GitHub\\Mariuki\\DiseaseDetector\\DiseaseDetector_TorchVision\\transforms.py\", line 36, in __call__", "step": null, "ts": 1655389212.066641}, {"value": "    if random.random() < self.prob:", "step": null, "ts": 1655389212.066641}, {"value": "NameError: name 'random' is not defined", "step": null, "ts": 1655389212.066641}, {"value": "", "step": null, "ts": 1655389212.066641}]}, "version": 60}
{"obj": {"type": "AssignBool", "path": ["sys", "failed"], "value": true}, "version": 61}
{"obj": {"type": "LogStrings", "path": ["monitoring", "stderr"], "values": [{"value": "Traceback (most recent call last):\n", "step": null, "ts": 1655389212.0706387}]}, "version": 62}
{"obj": {"type": "LogStrings", "path": ["monitoring", "stderr"], "values": [{"value": "  File \"CXR_TorchVision_TrainingScript.py\", line 198, in <module>\n", "step": null, "ts": 1655389212.0726433}]}, "version": 63}
{"obj": {"type": "LogStrings", "path": ["monitoring", "stderr"], "values": [{"value": "    ", "step": null, "ts": 1655389212.0756395}]}, "version": 64}
{"obj": {"type": "LogStrings", "path": ["monitoring", "stderr"], "values": [{"value": "main()", "step": null, "ts": 1655389212.0766413}]}, "version": 65}
{"obj": {"type": "LogStrings", "path": ["monitoring", "stderr"], "values": [{"value": "\n", "step": null, "ts": 1655389212.0776417}]}, "version": 66}
{"obj": {"type": "LogStrings", "path": ["monitoring", "stderr"], "values": [{"value": "  File \"CXR_TorchVision_TrainingScript.py\", line 171, in main\n", "step": null, "ts": 1655389212.078639}]}, "version": 67}
{"obj": {"type": "LogStrings", "path": ["monitoring", "stderr"], "values": [{"value": "    ", "step": null, "ts": 1655389212.0806422}]}, "version": 68}
{"obj": {"type": "LogStrings", "path": ["monitoring", "stderr"], "values": [{"value": "npl = train_one_epoch(model, optimizer, data_loader, device, epoch, print_freq=10)", "step": null, "ts": 1655389212.0826416}]}, "version": 69}
{"obj": {"type": "LogStrings", "path": ["monitoring", "stderr"], "values": [{"value": "\n", "step": null, "ts": 1655389212.0836744}]}, "version": 70}
{"obj": {"type": "LogStrings", "path": ["monitoring", "stderr"], "values": [{"value": "  File \"D:\\GitHub\\Mariuki\\DiseaseDetector\\DiseaseDetector_TorchVision\\engine.py\", line 27, in train_one_epoch\n", "step": null, "ts": 1655389212.084655}]}, "version": 71}
{"obj": {"type": "LogStrings", "path": ["monitoring", "stderr"], "values": [{"value": "    ", "step": null, "ts": 1655389212.0866394}]}, "version": 72}
{"obj": {"type": "LogStrings", "path": ["monitoring", "stderr"], "values": [{"value": "for images, targets in metric_logger.log_every(data_loader, print_freq, header):", "step": null, "ts": 1655389212.0876446}]}, "version": 73}
{"obj": {"type": "LogStrings", "path": ["monitoring", "stderr"], "values": [{"value": "\n", "step": null, "ts": 1655389212.088643}]}, "version": 74}
{"obj": {"type": "LogStrings", "path": ["monitoring", "stderr"], "values": [{"value": "  File \"D:\\GitHub\\Mariuki\\DiseaseDetector\\DiseaseDetector_TorchVision\\utils.py\", line 171, in log_every\n", "step": null, "ts": 1655389212.0896502}]}, "version": 75}
{"obj": {"type": "LogStrings", "path": ["monitoring", "stderr"], "values": [{"value": "    ", "step": null, "ts": 1655389212.091657}]}, "version": 76}
{"obj": {"type": "LogStrings", "path": ["monitoring", "stderr"], "values": [{"value": "for obj in iterable:", "step": null, "ts": 1655389212.0926442}]}, "version": 77}
{"obj": {"type": "LogStrings", "path": ["monitoring", "stderr"], "values": [{"value": "\n", "step": null, "ts": 1655389212.0936356}]}, "version": 78}
{"obj": {"type": "LogStrings", "path": ["monitoring", "stderr"], "values": [{"value": "  File \"C:\\Users\\mario\\Anaconda3\\envs\\ddgpu\\lib\\site-packages\\torch\\utils\\data\\dataloader.py\", line 521, in __next__\n", "step": null, "ts": 1655389212.0936356}]}, "version": 79}
{"obj": {"type": "LogStrings", "path": ["monitoring", "stderr"], "values": [{"value": "    ", "step": null, "ts": 1655389212.0986426}]}, "version": 80}
{"obj": {"type": "LogStrings", "path": ["monitoring", "stderr"], "values": [{"value": "data = self._next_data()", "step": null, "ts": 1655389212.1006422}]}, "version": 81}
{"obj": {"type": "LogStrings", "path": ["monitoring", "stderr"], "values": [{"value": "\n", "step": null, "ts": 1655389212.1016452}]}, "version": 82}
{"obj": {"type": "LogStrings", "path": ["monitoring", "stderr"], "values": [{"value": "  File \"C:\\Users\\mario\\Anaconda3\\envs\\ddgpu\\lib\\site-packages\\torch\\utils\\data\\dataloader.py\", line 1203, in _next_data\n", "step": null, "ts": 1655389212.1026375}]}, "version": 83}
{"obj": {"type": "LogStrings", "path": ["monitoring", "stderr"], "values": [{"value": "    ", "step": null, "ts": 1655389212.1086452}]}, "version": 84}
{"obj": {"type": "LogStrings", "path": ["monitoring", "stderr"], "values": [{"value": "return self._process_data(data)", "step": null, "ts": 1655389212.1096442}]}, "version": 85}
{"obj": {"type": "LogStrings", "path": ["monitoring", "stderr"], "values": [{"value": "\n", "step": null, "ts": 1655389212.1106434}]}, "version": 86}
{"obj": {"type": "LogStrings", "path": ["monitoring", "stderr"], "values": [{"value": "  File \"C:\\Users\\mario\\Anaconda3\\envs\\ddgpu\\lib\\site-packages\\torch\\utils\\data\\dataloader.py\", line 1229, in _process_data\n", "step": null, "ts": 1655389212.1106434}]}, "version": 87}
{"obj": {"type": "LogStrings", "path": ["monitoring", "stderr"], "values": [{"value": "    ", "step": null, "ts": 1655389212.1166387}]}, "version": 88}
{"obj": {"type": "LogStrings", "path": ["monitoring", "stderr"], "values": [{"value": "data.reraise()", "step": null, "ts": 1655389212.1186433}]}, "version": 89}
{"obj": {"type": "LogStrings", "path": ["monitoring", "stderr"], "values": [{"value": "\n", "step": null, "ts": 1655389212.1186433}]}, "version": 90}
{"obj": {"type": "LogStrings", "path": ["monitoring", "stderr"], "values": [{"value": "  File \"C:\\Users\\mario\\Anaconda3\\envs\\ddgpu\\lib\\site-packages\\torch\\_utils.py\", line 434, in reraise\n", "step": null, "ts": 1655389212.119647}]}, "version": 91}
{"obj": {"type": "LogStrings", "path": ["monitoring", "stderr"], "values": [{"value": "    ", "step": null, "ts": 1655389212.123643}]}, "version": 92}
{"obj": {"type": "LogStrings", "path": ["monitoring", "stderr"], "values": [{"value": "raise exception", "step": null, "ts": 1655389212.1246467}]}, "version": 93}
{"obj": {"type": "LogStrings", "path": ["monitoring", "stderr"], "values": [{"value": "\n", "step": null, "ts": 1655389212.1256456}]}, "version": 94}
{"obj": {"type": "LogStrings", "path": ["monitoring", "stderr"], "values": [{"value": "NameError", "step": null, "ts": 1655389212.1266394}]}, "version": 95}
{"obj": {"type": "LogStrings", "path": ["monitoring", "stderr"], "values": [{"value": ": ", "step": null, "ts": 1655389212.1276476}]}, "version": 96}
{"obj": {"type": "LogStrings", "path": ["monitoring", "stderr"], "values": [{"value": "Caught NameError in DataLoader worker process 0.\nOriginal Traceback (most recent call last):\n  File \"C:\\Users\\mario\\Anaconda3\\envs\\ddgpu\\lib\\site-packages\\torch\\utils\\data\\_utils\\worker.py\", line 287, in _worker_loop\n    data = fetcher.fetch(index)\n  File \"C:\\Users\\mario\\Anaconda3\\envs\\ddgpu\\lib\\site-packages\\torch\\utils\\data\\_utils\\fetch.py\", line 49, in fetch\n    data = [self.dataset[idx] for idx in possibly_batched_index]\n  File \"C:\\Users\\mario\\Anaconda3\\envs\\ddgpu\\lib\\site-packages\\torch\\utils\\data\\_utils\\fetch.py\", line 49, in <listcomp>\n    data = [self.dataset[idx] for idx in possibly_batched_index]\n  File \"D:\\GitHub\\Mariuki\\DiseaseDetector\\DiseaseDetector_TorchVision\\tools.py\", line 172, in __getitem__\n    x, tgt = self.transform(x, tgt)  # Regresa np.ndarrays\n  File \"D:\\GitHub\\Mariuki\\DiseaseDetector\\DiseaseDetector_TorchVision\\transforms.py\", line 27, in __call__\n    image, target = t(image, target)\n  File \"D:\\GitHub\\Mariuki\\DiseaseDetector\\DiseaseDetector_TorchVision\\transfo", "step": null, "ts": 1655389212.1306415}]}, "version": 97}
{"obj": {"type": "LogStrings", "path": ["monitoring", "stderr"], "values": [{"value": "\n", "step": null, "ts": 1655389212.1336389}]}, "version": 98}
