{"obj": {"type": "AssignString", "path": ["sys", "name"], "value": "Untitled"}, "version": 1}
{"obj": {"type": "AssignString", "path": ["sys", "description"], "value": ""}, "version": 2}
{"obj": {"type": "AssignString", "path": ["sys", "hostname"], "value": "DESKTOP-4F9PPL3"}, "version": 3}
{"obj": {"type": "AssignBool", "path": ["sys", "failed"], "value": false}, "version": 4}
{"obj": {"type": "ClearStringLog", "path": ["monitoring", "stdout"]}, "version": 5}
{"obj": {"type": "ClearStringLog", "path": ["monitoring", "stderr"]}, "version": 6}
{"obj": {"type": "AssignString", "path": ["source_code", "entrypoint"], "value": "CXR_TorchVision_TrainingScript.py"}, "version": 7}
{"obj": {"type": "UploadFileSet", "path": ["source_code", "files"], "file_globs": ["D:\\GitHub\\Mariuki\\DiseaseDetector\\DiseaseDetector_TorchVision\\CXR_TorchVision_TrainingScript.py"], "reset": "False"}, "version": 8}
{"obj": {"type": "ConfigFloatSeries", "path": ["monitoring", "cpu"], "min": 0.0, "max": 100.0, "unit": "%"}, "version": 9}
{"obj": {"type": "ClearFloatLog", "path": ["monitoring", "cpu"]}, "version": 10}
{"obj": {"type": "ConfigFloatSeries", "path": ["monitoring", "memory"], "min": 0.0, "max": 15.85989761352539, "unit": "GB"}, "version": 11}
{"obj": {"type": "ClearFloatLog", "path": ["monitoring", "memory"]}, "version": 12}
{"obj": {"type": "ConfigFloatSeries", "path": ["monitoring", "gpu"], "min": 0.0, "max": 100.0, "unit": "%"}, "version": 13}
{"obj": {"type": "ClearFloatLog", "path": ["monitoring", "gpu"]}, "version": 14}
{"obj": {"type": "ConfigFloatSeries", "path": ["monitoring", "gpu_memory"], "min": 0.0, "max": 6.0, "unit": "GB"}, "version": 15}
{"obj": {"type": "ClearFloatLog", "path": ["monitoring", "gpu_memory"]}, "version": 16}
{"obj": {"type": "LogFloats", "path": ["monitoring", "cpu"], "values": [{"value": 99.7, "step": null, "ts": 1655387943.5010931}]}, "version": 17}
{"obj": {"type": "LogFloats", "path": ["monitoring", "memory"], "values": [{"value": 13.690948486328125, "step": null, "ts": 1655387943.5010931}]}, "version": 18}
{"obj": {"type": "LogFloats", "path": ["monitoring", "gpu"], "values": [{"value": 6.0, "step": null, "ts": 1655387943.5010931}]}, "version": 19}
{"obj": {"type": "LogFloats", "path": ["monitoring", "gpu_memory"], "values": [{"value": 0.4590568542480469, "step": null, "ts": 1655387943.5010931}]}, "version": 20}
{"obj": {"type": "LogStrings", "path": ["monitoring", "traceback"], "values": [{"value": "An uncaught exception occurred while run was active on worker DESKTOP-4F9PPL3.", "step": null, "ts": 1655387944.7890935}, {"value": "Marking run as failed", "step": null, "ts": 1655387944.7890935}, {"value": "Traceback:", "step": null, "ts": 1655387944.7890935}, {"value": "  File \"<string>\", line 1, in <module>\n", "step": null, "ts": 1655387944.7890935}, {"value": "  File \"C:\\Users\\mario\\Anaconda3\\envs\\ddgpu\\lib\\multiprocessing\\spawn.py\", line 105, in spawn_main\n    exitcode = _main(fd)\n", "step": null, "ts": 1655387944.7890935}, {"value": "  File \"C:\\Users\\mario\\Anaconda3\\envs\\ddgpu\\lib\\multiprocessing\\spawn.py\", line 114, in _main\n    prepare(preparation_data)\n", "step": null, "ts": 1655387944.7890935}, {"value": "  File \"C:\\Users\\mario\\Anaconda3\\envs\\ddgpu\\lib\\multiprocessing\\spawn.py\", line 225, in prepare\n    _fixup_main_from_path(data['init_main_from_path'])\n", "step": null, "ts": 1655387944.7890935}, {"value": "  File \"C:\\Users\\mario\\Anaconda3\\envs\\ddgpu\\lib\\multiprocessing\\spawn.py\", line 277, in _fixup_main_from_path\n    run_name=\"__mp_main__\")\n", "step": null, "ts": 1655387944.7890935}, {"value": "  File \"C:\\Users\\mario\\Anaconda3\\envs\\ddgpu\\lib\\runpy.py\", line 263, in run_path\n    pkg_name=pkg_name, script_name=fname)\n", "step": null, "ts": 1655387944.7890935}, {"value": "  File \"C:\\Users\\mario\\Anaconda3\\envs\\ddgpu\\lib\\runpy.py\", line 96, in _run_module_code\n    mod_name, mod_spec, pkg_name, script_name)\n", "step": null, "ts": 1655387944.7890935}]}, "version": 21}
{"obj": {"type": "LogStrings", "path": ["monitoring", "traceback"], "values": [{"value": "  File \"C:\\Users\\mario\\Anaconda3\\envs\\ddgpu\\lib\\runpy.py\", line 85, in _run_code\n    exec(code, run_globals)\n", "step": null, "ts": 1655387944.7890935}, {"value": "  File \"D:\\GitHub\\Mariuki\\DiseaseDetector\\DiseaseDetector_TorchVision\\CXR_TorchVision_TrainingScript.py\", line 107, in <module>\n    tgt_int64=False)\n", "step": null, "ts": 1655387944.7890935}, {"value": "  File \"D:\\GitHub\\Mariuki\\DiseaseDetector\\DiseaseDetector_TorchVision\\tools.py\", line 92, in __init__\n    with Pool() as pool:\n", "step": null, "ts": 1655387944.7890935}, {"value": "  File \"C:\\Users\\mario\\Anaconda3\\envs\\ddgpu\\lib\\multiprocessing\\context.py\", line 119, in Pool\n    context=self.get_context())\n", "step": null, "ts": 1655387944.7890935}, {"value": "  File \"C:\\Users\\mario\\Anaconda3\\envs\\ddgpu\\lib\\multiprocessing\\pool.py\", line 176, in __init__\n    self._repopulate_pool()\n", "step": null, "ts": 1655387944.7890935}, {"value": "  File \"C:\\Users\\mario\\Anaconda3\\envs\\ddgpu\\lib\\multiprocessing\\pool.py\", line 241, in _repopulate_pool\n    w.start()\n", "step": null, "ts": 1655387944.7890935}, {"value": "  File \"C:\\Users\\mario\\Anaconda3\\envs\\ddgpu\\lib\\multiprocessing\\process.py\", line 112, in start\n    self._popen = self._Popen(self)\n", "step": null, "ts": 1655387944.7890935}, {"value": "  File \"C:\\Users\\mario\\Anaconda3\\envs\\ddgpu\\lib\\multiprocessing\\context.py\", line 322, in _Popen\n    return Popen(process_obj)\n", "step": null, "ts": 1655387944.7890935}, {"value": "  File \"C:\\Users\\mario\\Anaconda3\\envs\\ddgpu\\lib\\multiprocessing\\popen_spawn_win32.py\", line 46, in __init__\n    prep_data = spawn.get_preparation_data(process_obj._name)\n", "step": null, "ts": 1655387944.7890935}, {"value": "  File \"C:\\Users\\mario\\Anaconda3\\envs\\ddgpu\\lib\\multiprocessing\\spawn.py\", line 143, in get_preparation_data\n    _check_not_importing_main()\n", "step": null, "ts": 1655387944.7890935}]}, "version": 22}
{"obj": {"type": "LogStrings", "path": ["monitoring", "traceback"], "values": [{"value": "  File \"C:\\Users\\mario\\Anaconda3\\envs\\ddgpu\\lib\\multiprocessing\\spawn.py\", line 136, in _check_not_importing_main\n    is not going to be frozen to produce an executable.''')\n", "step": null, "ts": 1655387944.7890935}, {"value": "", "step": null, "ts": 1655387944.7890935}, {"value": "        An attempt has been made to start a new process before the", "step": null, "ts": 1655387944.7890935}, {"value": "        current process has finished its bootstrapping phase.", "step": null, "ts": 1655387944.7890935}, {"value": "", "step": null, "ts": 1655387944.7890935}, {"value": "        This probably means that you are not using fork to start your", "step": null, "ts": 1655387944.7890935}, {"value": "        child processes and you have forgotten to use the proper idiom", "step": null, "ts": 1655387944.7890935}, {"value": "        in the main module:", "step": null, "ts": 1655387944.7890935}, {"value": "", "step": null, "ts": 1655387944.7890935}, {"value": "            if __name__ == '__main__':", "step": null, "ts": 1655387944.7890935}]}, "version": 23}
{"obj": {"type": "LogStrings", "path": ["monitoring", "traceback"], "values": [{"value": "                freeze_support()", "step": null, "ts": 1655387944.7890935}, {"value": "                ...", "step": null, "ts": 1655387944.7890935}, {"value": "", "step": null, "ts": 1655387944.7890935}, {"value": "        The \"freeze_support()\" line can be omitted if the program", "step": null, "ts": 1655387944.7890935}, {"value": "        is not going to be frozen to produce an executable.", "step": null, "ts": 1655387944.7890935}]}, "version": 24}
{"obj": {"type": "AssignBool", "path": ["sys", "failed"], "value": true}, "version": 25}
{"obj": {"type": "LogStrings", "path": ["monitoring", "stderr"], "values": [{"value": "Traceback (most recent call last):\n", "step": null, "ts": 1655387944.801088}]}, "version": 26}
{"obj": {"type": "LogStrings", "path": ["monitoring", "stderr"], "values": [{"value": "  File \"<string>\", line 1, in <module>\n", "step": null, "ts": 1655387944.8040864}]}, "version": 27}
{"obj": {"type": "LogStrings", "path": ["monitoring", "stderr"], "values": [{"value": "  File \"C:\\Users\\mario\\Anaconda3\\envs\\ddgpu\\lib\\multiprocessing\\spawn.py\", line 105, in spawn_main\n", "step": null, "ts": 1655387944.8130891}]}, "version": 28}
{"obj": {"type": "LogStrings", "path": ["monitoring", "stderr"], "values": [{"value": "    ", "step": null, "ts": 1655387944.8180935}]}, "version": 29}
{"obj": {"type": "LogStrings", "path": ["monitoring", "stderr"], "values": [{"value": "exitcode = _main(fd)", "step": null, "ts": 1655387944.8200903}]}, "version": 30}
{"obj": {"type": "LogStrings", "path": ["monitoring", "stderr"], "values": [{"value": "\n", "step": null, "ts": 1655387944.823089}]}, "version": 31}
{"obj": {"type": "LogStrings", "path": ["monitoring", "stderr"], "values": [{"value": "  File \"C:\\Users\\mario\\Anaconda3\\envs\\ddgpu\\lib\\multiprocessing\\spawn.py\", line 114, in _main\n", "step": null, "ts": 1655387944.8290868}]}, "version": 32}
{"obj": {"type": "LogStrings", "path": ["monitoring", "stderr"], "values": [{"value": "    ", "step": null, "ts": 1655387944.8390918}]}, "version": 33}
{"obj": {"type": "LogStrings", "path": ["monitoring", "stderr"], "values": [{"value": "prepare(preparation_data)", "step": null, "ts": 1655387944.8430965}]}, "version": 34}
{"obj": {"type": "LogStrings", "path": ["monitoring", "stderr"], "values": [{"value": "\n", "step": null, "ts": 1655387944.8480875}]}, "version": 35}
{"obj": {"type": "LogStrings", "path": ["monitoring", "stderr"], "values": [{"value": "  File \"C:\\Users\\mario\\Anaconda3\\envs\\ddgpu\\lib\\multiprocessing\\spawn.py\", line 225, in prepare\n", "step": null, "ts": 1655387944.8510926}]}, "version": 36}
{"obj": {"type": "LogStrings", "path": ["monitoring", "stderr"], "values": [{"value": "    ", "step": null, "ts": 1655387944.860095}]}, "version": 37}
{"obj": {"type": "LogStrings", "path": ["monitoring", "stderr"], "values": [{"value": "_fixup_main_from_path(data['init_main_from_path'])", "step": null, "ts": 1655387944.8640919}]}, "version": 38}
{"obj": {"type": "LogStrings", "path": ["monitoring", "stderr"], "values": [{"value": "\n", "step": null, "ts": 1655387944.8670957}]}, "version": 39}
{"obj": {"type": "LogStrings", "path": ["monitoring", "stderr"], "values": [{"value": "  File \"C:\\Users\\mario\\Anaconda3\\envs\\ddgpu\\lib\\multiprocessing\\spawn.py\", line 277, in _fixup_main_from_path\n", "step": null, "ts": 1655387944.8700905}]}, "version": 40}
{"obj": {"type": "LogStrings", "path": ["monitoring", "stderr"], "values": [{"value": "    ", "step": null, "ts": 1655387944.8790917}]}, "version": 41}
{"obj": {"type": "LogStrings", "path": ["monitoring", "stderr"], "values": [{"value": "run_name=\"__mp_main__\")", "step": null, "ts": 1655387944.8841007}]}, "version": 42}
{"obj": {"type": "LogStrings", "path": ["monitoring", "stderr"], "values": [{"value": "\n", "step": null, "ts": 1655387944.8900943}]}, "version": 43}
{"obj": {"type": "LogStrings", "path": ["monitoring", "stderr"], "values": [{"value": "  File \"C:\\Users\\mario\\Anaconda3\\envs\\ddgpu\\lib\\runpy.py\", line 263, in run_path\n", "step": null, "ts": 1655387944.8960938}]}, "version": 44}
{"obj": {"type": "LogStrings", "path": ["monitoring", "stderr"], "values": [{"value": "    ", "step": null, "ts": 1655387944.9060965}]}, "version": 45}
{"obj": {"type": "LogStrings", "path": ["monitoring", "stderr"], "values": [{"value": "pkg_name=pkg_name, script_name=fname)", "step": null, "ts": 1655387944.9090886}]}, "version": 46}
{"obj": {"type": "LogStrings", "path": ["monitoring", "stderr"], "values": [{"value": "\n", "step": null, "ts": 1655387944.9150894}]}, "version": 47}
{"obj": {"type": "LogStrings", "path": ["monitoring", "stderr"], "values": [{"value": "  File \"C:\\Users\\mario\\Anaconda3\\envs\\ddgpu\\lib\\runpy.py\", line 96, in _run_module_code\n", "step": null, "ts": 1655387944.922094}]}, "version": 48}
{"obj": {"type": "LogStrings", "path": ["monitoring", "stderr"], "values": [{"value": "    ", "step": null, "ts": 1655387944.931093}]}, "version": 49}
{"obj": {"type": "LogStrings", "path": ["monitoring", "stderr"], "values": [{"value": "mod_name, mod_spec, pkg_name, script_name)", "step": null, "ts": 1655387944.937091}]}, "version": 50}
{"obj": {"type": "LogStrings", "path": ["monitoring", "stderr"], "values": [{"value": "\n", "step": null, "ts": 1655387944.9390936}]}, "version": 51}
{"obj": {"type": "LogStrings", "path": ["monitoring", "stderr"], "values": [{"value": "  File \"C:\\Users\\mario\\Anaconda3\\envs\\ddgpu\\lib\\runpy.py\", line 85, in _run_code\n", "step": null, "ts": 1655387944.9440928}]}, "version": 52}
{"obj": {"type": "LogStrings", "path": ["monitoring", "stderr"], "values": [{"value": "    ", "step": null, "ts": 1655387944.9520886}]}, "version": 53}
{"obj": {"type": "LogStrings", "path": ["monitoring", "stderr"], "values": [{"value": "exec(code, run_globals)", "step": null, "ts": 1655387944.9540899}]}, "version": 54}
{"obj": {"type": "LogStrings", "path": ["monitoring", "stderr"], "values": [{"value": "\n", "step": null, "ts": 1655387944.971093}]}, "version": 55}
{"obj": {"type": "LogStrings", "path": ["monitoring", "stderr"], "values": [{"value": "  File \"D:\\GitHub\\Mariuki\\DiseaseDetector\\DiseaseDetector_TorchVision\\CXR_TorchVision_TrainingScript.py\", line 107, in <module>\n", "step": null, "ts": 1655387944.9760902}]}, "version": 56}
{"obj": {"type": "LogStrings", "path": ["monitoring", "stderr"], "values": [{"value": "    ", "step": null, "ts": 1655387944.9820893}]}, "version": 57}
{"obj": {"type": "LogStrings", "path": ["monitoring", "stderr"], "values": [{"value": "tgt_int64=False)", "step": null, "ts": 1655387944.9840913}]}, "version": 58}
{"obj": {"type": "LogStrings", "path": ["monitoring", "stderr"], "values": [{"value": "\n", "step": null, "ts": 1655387944.9890912}]}, "version": 59}
{"obj": {"type": "LogStrings", "path": ["monitoring", "stderr"], "values": [{"value": "  File \"D:\\GitHub\\Mariuki\\DiseaseDetector\\DiseaseDetector_TorchVision\\tools.py\", line 92, in __init__\n", "step": null, "ts": 1655387944.992095}]}, "version": 60}
{"obj": {"type": "LogStrings", "path": ["monitoring", "stderr"], "values": [{"value": "    ", "step": null, "ts": 1655387944.9970913}]}, "version": 61}
{"obj": {"type": "LogStrings", "path": ["monitoring", "stderr"], "values": [{"value": "with Pool() as pool:", "step": null, "ts": 1655387945.0010939}]}, "version": 62}
{"obj": {"type": "LogStrings", "path": ["monitoring", "stderr"], "values": [{"value": "\n", "step": null, "ts": 1655387945.0060923}]}, "version": 63}
{"obj": {"type": "LogStrings", "path": ["monitoring", "stderr"], "values": [{"value": "  File \"C:\\Users\\mario\\Anaconda3\\envs\\ddgpu\\lib\\multiprocessing\\context.py\", line 119, in Pool\n", "step": null, "ts": 1655387945.0120916}]}, "version": 64}
{"obj": {"type": "LogStrings", "path": ["monitoring", "stderr"], "values": [{"value": "    ", "step": null, "ts": 1655387945.0230901}]}, "version": 65}
{"obj": {"type": "LogStrings", "path": ["monitoring", "stderr"], "values": [{"value": "context=self.get_context())", "step": null, "ts": 1655387945.0450897}]}, "version": 66}
{"obj": {"type": "LogStrings", "path": ["monitoring", "stderr"], "values": [{"value": "\n", "step": null, "ts": 1655387945.0500872}]}, "version": 67}
{"obj": {"type": "LogStrings", "path": ["monitoring", "stderr"], "values": [{"value": "  File \"C:\\Users\\mario\\Anaconda3\\envs\\ddgpu\\lib\\multiprocessing\\pool.py\", line 176, in __init__\n", "step": null, "ts": 1655387945.0530894}]}, "version": 68}
{"obj": {"type": "LogStrings", "path": ["monitoring", "stderr"], "values": [{"value": "    ", "step": null, "ts": 1655387945.0660913}]}, "version": 69}
{"obj": {"type": "LogStrings", "path": ["monitoring", "stderr"], "values": [{"value": "self._repopulate_pool()", "step": null, "ts": 1655387945.068091}]}, "version": 70}
{"obj": {"type": "LogStrings", "path": ["monitoring", "stderr"], "values": [{"value": "\n", "step": null, "ts": 1655387945.0750914}]}, "version": 71}
{"obj": {"type": "LogStrings", "path": ["monitoring", "stderr"], "values": [{"value": "  File \"C:\\Users\\mario\\Anaconda3\\envs\\ddgpu\\lib\\multiprocessing\\pool.py\", line 241, in _repopulate_pool\n", "step": null, "ts": 1655387945.079088}]}, "version": 72}
{"obj": {"type": "LogStrings", "path": ["monitoring", "stderr"], "values": [{"value": "    ", "step": null, "ts": 1655387945.0870914}]}, "version": 73}
{"obj": {"type": "LogStrings", "path": ["monitoring", "stderr"], "values": [{"value": "w.start()", "step": null, "ts": 1655387945.0890903}]}, "version": 74}
{"obj": {"type": "LogStrings", "path": ["monitoring", "stderr"], "values": [{"value": "\n", "step": null, "ts": 1655387945.1141014}]}, "version": 75}
{"obj": {"type": "LogStrings", "path": ["monitoring", "stderr"], "values": [{"value": "  File \"C:\\Users\\mario\\Anaconda3\\envs\\ddgpu\\lib\\multiprocessing\\process.py\", line 112, in start\n", "step": null, "ts": 1655387945.1260874}]}, "version": 76}
{"obj": {"type": "LogStrings", "path": ["monitoring", "stderr"], "values": [{"value": "    ", "step": null, "ts": 1655387945.1360896}]}, "version": 77}
{"obj": {"type": "LogStrings", "path": ["monitoring", "stderr"], "values": [{"value": "self._popen = self._Popen(self)", "step": null, "ts": 1655387945.1470923}]}, "version": 78}
{"obj": {"type": "LogStrings", "path": ["monitoring", "stderr"], "values": [{"value": "\n", "step": null, "ts": 1655387945.1520915}]}, "version": 79}
{"obj": {"type": "LogStrings", "path": ["monitoring", "stderr"], "values": [{"value": "  File \"C:\\Users\\mario\\Anaconda3\\envs\\ddgpu\\lib\\multiprocessing\\context.py\", line 322, in _Popen\n", "step": null, "ts": 1655387945.1550934}]}, "version": 80}
{"obj": {"type": "LogStrings", "path": ["monitoring", "stderr"], "values": [{"value": "    ", "step": null, "ts": 1655387945.167096}]}, "version": 81}
{"obj": {"type": "LogStrings", "path": ["monitoring", "stderr"], "values": [{"value": "return Popen(process_obj)", "step": null, "ts": 1655387945.1700952}]}, "version": 82}
{"obj": {"type": "LogStrings", "path": ["monitoring", "stderr"], "values": [{"value": "\n", "step": null, "ts": 1655387945.1730921}]}, "version": 83}
{"obj": {"type": "LogStrings", "path": ["monitoring", "stderr"], "values": [{"value": "  File \"C:\\Users\\mario\\Anaconda3\\envs\\ddgpu\\lib\\multiprocessing\\popen_spawn_win32.py\", line 46, in __init__\n", "step": null, "ts": 1655387945.1760912}]}, "version": 84}
{"obj": {"type": "LogStrings", "path": ["monitoring", "stderr"], "values": [{"value": "    ", "step": null, "ts": 1655387945.1860957}]}, "version": 85}
{"obj": {"type": "LogStrings", "path": ["monitoring", "stderr"], "values": [{"value": "prep_data = spawn.get_preparation_data(process_obj._name)", "step": null, "ts": 1655387945.1880894}]}, "version": 86}
{"obj": {"type": "LogStrings", "path": ["monitoring", "stderr"], "values": [{"value": "\n", "step": null, "ts": 1655387945.190091}]}, "version": 87}
{"obj": {"type": "LogStrings", "path": ["monitoring", "stderr"], "values": [{"value": "  File \"C:\\Users\\mario\\Anaconda3\\envs\\ddgpu\\lib\\multiprocessing\\spawn.py\", line 143, in get_preparation_data\n", "step": null, "ts": 1655387945.2000968}]}, "version": 88}
{"obj": {"type": "LogStrings", "path": ["monitoring", "stderr"], "values": [{"value": "    ", "step": null, "ts": 1655387945.2470913}]}, "version": 89}
{"obj": {"type": "LogStrings", "path": ["monitoring", "stderr"], "values": [{"value": "_check_not_importing_main()", "step": null, "ts": 1655387945.2560906}]}, "version": 90}
{"obj": {"type": "LogStrings", "path": ["monitoring", "stderr"], "values": [{"value": "\n", "step": null, "ts": 1655387945.2600968}]}, "version": 91}
{"obj": {"type": "LogStrings", "path": ["monitoring", "stderr"], "values": [{"value": "  File \"C:\\Users\\mario\\Anaconda3\\envs\\ddgpu\\lib\\multiprocessing\\spawn.py\", line 136, in _check_not_importing_main\n", "step": null, "ts": 1655387945.2650912}]}, "version": 92}
{"obj": {"type": "LogStrings", "path": ["monitoring", "stderr"], "values": [{"value": "    ", "step": null, "ts": 1655387945.2710965}]}, "version": 93}
{"obj": {"type": "LogStrings", "path": ["monitoring", "stderr"], "values": [{"value": "is not going to be frozen to produce an executable.''')", "step": null, "ts": 1655387945.2750888}]}, "version": 94}
{"obj": {"type": "LogStrings", "path": ["monitoring", "stderr"], "values": [{"value": "\n", "step": null, "ts": 1655387945.294093}]}, "version": 95}
{"obj": {"type": "LogStrings", "path": ["monitoring", "stderr"], "values": [{"value": "RuntimeError", "step": null, "ts": 1655387945.2960927}]}, "version": 96}
{"obj": {"type": "LogStrings", "path": ["monitoring", "stderr"], "values": [{"value": ": ", "step": null, "ts": 1655387945.3010943}]}, "version": 97}
{"obj": {"type": "LogStrings", "path": ["monitoring", "stderr"], "values": [{"value": "\n        An attempt has been made to start a new process before the\n        current process has finished its bootstrapping phase.\n\n        This probably means that you are not using fork to start your\n        child processes and you have forgotten to use the proper idiom\n        in the main module:\n\n            if __name__ == '__main__':\n                freeze_support()\n                ...\n\n        The \"freeze_support()\" line can be omitted if the program\n        is not going to be frozen to produce an executable.", "step": null, "ts": 1655387945.3080888}]}, "version": 98}
{"obj": {"type": "LogStrings", "path": ["monitoring", "stderr"], "values": [{"value": "\n", "step": null, "ts": 1655387945.3110917}]}, "version": 99}
