{"obj": {"type": "AssignString", "path": ["sys", "name"], "value": "Untitled"}, "version": 1}
{"obj": {"type": "AssignString", "path": ["sys", "description"], "value": ""}, "version": 2}
{"obj": {"type": "AssignString", "path": ["sys", "hostname"], "value": "DESKTOP-4F9PPL3"}, "version": 3}
{"obj": {"type": "AssignBool", "path": ["sys", "failed"], "value": false}, "version": 4}
{"obj": {"type": "ClearStringLog", "path": ["monitoring", "stdout"]}, "version": 5}
{"obj": {"type": "ClearStringLog", "path": ["monitoring", "stderr"]}, "version": 6}
{"obj": {"type": "AssignString", "path": ["source_code", "entrypoint"], "value": "CXR_TorchVision_TrainingScript.py"}, "version": 7}
{"obj": {"type": "UploadFileSet", "path": ["source_code", "files"], "file_globs": ["D:\\GitHub\\Mariuki\\DiseaseDetector\\DiseaseDetector_TorchVision\\CXR_TorchVision_TrainingScript.py"], "reset": "False"}, "version": 8}
{"obj": {"type": "ConfigFloatSeries", "path": ["monitoring", "cpu"], "min": 0.0, "max": 100.0, "unit": "%"}, "version": 9}
{"obj": {"type": "ClearFloatLog", "path": ["monitoring", "cpu"]}, "version": 10}
{"obj": {"type": "ConfigFloatSeries", "path": ["monitoring", "memory"], "min": 0.0, "max": 15.85989761352539, "unit": "GB"}, "version": 11}
{"obj": {"type": "ClearFloatLog", "path": ["monitoring", "memory"]}, "version": 12}
{"obj": {"type": "ConfigFloatSeries", "path": ["monitoring", "gpu"], "min": 0.0, "max": 100.0, "unit": "%"}, "version": 13}
{"obj": {"type": "ClearFloatLog", "path": ["monitoring", "gpu"]}, "version": 14}
{"obj": {"type": "ConfigFloatSeries", "path": ["monitoring", "gpu_memory"], "min": 0.0, "max": 6.0, "unit": "GB"}, "version": 15}
{"obj": {"type": "ClearFloatLog", "path": ["monitoring", "gpu_memory"]}, "version": 16}
{"obj": {"type": "LogFloats", "path": ["monitoring", "cpu"], "values": [{"value": 99.9, "step": null, "ts": 1655387742.3691523}]}, "version": 17}
{"obj": {"type": "LogFloats", "path": ["monitoring", "memory"], "values": [{"value": 14.565963745117188, "step": null, "ts": 1655387742.3691523}]}, "version": 18}
{"obj": {"type": "LogFloats", "path": ["monitoring", "gpu"], "values": [{"value": 4.0, "step": null, "ts": 1655387742.3691523}]}, "version": 19}
{"obj": {"type": "LogFloats", "path": ["monitoring", "gpu_memory"], "values": [{"value": 0.4590568542480469, "step": null, "ts": 1655387742.3691523}]}, "version": 20}
{"obj": {"type": "LogStrings", "path": ["monitoring", "traceback"], "values": [{"value": "An uncaught exception occurred while run was active on worker DESKTOP-4F9PPL3.", "step": null, "ts": 1655387743.7781587}, {"value": "Marking run as failed", "step": null, "ts": 1655387743.7781587}, {"value": "Traceback:", "step": null, "ts": 1655387743.7781587}, {"value": "  File \"<string>\", line 1, in <module>\n", "step": null, "ts": 1655387743.7781587}, {"value": "  File \"C:\\Users\\mario\\Anaconda3\\envs\\ddgpu\\lib\\multiprocessing\\spawn.py\", line 105, in spawn_main\n    exitcode = _main(fd)\n", "step": null, "ts": 1655387743.7781587}, {"value": "  File \"C:\\Users\\mario\\Anaconda3\\envs\\ddgpu\\lib\\multiprocessing\\spawn.py\", line 114, in _main\n    prepare(preparation_data)\n", "step": null, "ts": 1655387743.7781587}, {"value": "  File \"C:\\Users\\mario\\Anaconda3\\envs\\ddgpu\\lib\\multiprocessing\\spawn.py\", line 225, in prepare\n    _fixup_main_from_path(data['init_main_from_path'])\n", "step": null, "ts": 1655387743.7781587}, {"value": "  File \"C:\\Users\\mario\\Anaconda3\\envs\\ddgpu\\lib\\multiprocessing\\spawn.py\", line 277, in _fixup_main_from_path\n    run_name=\"__mp_main__\")\n", "step": null, "ts": 1655387743.7781587}, {"value": "  File \"C:\\Users\\mario\\Anaconda3\\envs\\ddgpu\\lib\\runpy.py\", line 263, in run_path\n    pkg_name=pkg_name, script_name=fname)\n", "step": null, "ts": 1655387743.7781587}, {"value": "  File \"C:\\Users\\mario\\Anaconda3\\envs\\ddgpu\\lib\\runpy.py\", line 96, in _run_module_code\n    mod_name, mod_spec, pkg_name, script_name)\n", "step": null, "ts": 1655387743.7781587}]}, "version": 21}
{"obj": {"type": "LogStrings", "path": ["monitoring", "traceback"], "values": [{"value": "  File \"C:\\Users\\mario\\Anaconda3\\envs\\ddgpu\\lib\\runpy.py\", line 85, in _run_code\n    exec(code, run_globals)\n", "step": null, "ts": 1655387743.7781587}, {"value": "  File \"D:\\GitHub\\Mariuki\\DiseaseDetector\\DiseaseDetector_TorchVision\\CXR_TorchVision_TrainingScript.py\", line 107, in <module>\n    tgt_int64=False)\n", "step": null, "ts": 1655387743.7781587}, {"value": "  File \"D:\\GitHub\\Mariuki\\DiseaseDetector\\DiseaseDetector_TorchVision\\tools.py\", line 92, in __init__\n    with Pool() as pool:\n", "step": null, "ts": 1655387743.7781587}, {"value": "  File \"C:\\Users\\mario\\Anaconda3\\envs\\ddgpu\\lib\\multiprocessing\\context.py\", line 119, in Pool\n    context=self.get_context())\n", "step": null, "ts": 1655387743.7781587}, {"value": "  File \"C:\\Users\\mario\\Anaconda3\\envs\\ddgpu\\lib\\multiprocessing\\pool.py\", line 176, in __init__\n    self._repopulate_pool()\n", "step": null, "ts": 1655387743.7781587}, {"value": "  File \"C:\\Users\\mario\\Anaconda3\\envs\\ddgpu\\lib\\multiprocessing\\pool.py\", line 241, in _repopulate_pool\n    w.start()\n", "step": null, "ts": 1655387743.7781587}, {"value": "  File \"C:\\Users\\mario\\Anaconda3\\envs\\ddgpu\\lib\\multiprocessing\\process.py\", line 112, in start\n    self._popen = self._Popen(self)\n", "step": null, "ts": 1655387743.7781587}, {"value": "  File \"C:\\Users\\mario\\Anaconda3\\envs\\ddgpu\\lib\\multiprocessing\\context.py\", line 322, in _Popen\n    return Popen(process_obj)\n", "step": null, "ts": 1655387743.7781587}, {"value": "  File \"C:\\Users\\mario\\Anaconda3\\envs\\ddgpu\\lib\\multiprocessing\\popen_spawn_win32.py\", line 46, in __init__\n    prep_data = spawn.get_preparation_data(process_obj._name)\n", "step": null, "ts": 1655387743.7781587}, {"value": "  File \"C:\\Users\\mario\\Anaconda3\\envs\\ddgpu\\lib\\multiprocessing\\spawn.py\", line 143, in get_preparation_data\n    _check_not_importing_main()\n", "step": null, "ts": 1655387743.7781587}]}, "version": 22}
{"obj": {"type": "LogStrings", "path": ["monitoring", "traceback"], "values": [{"value": "  File \"C:\\Users\\mario\\Anaconda3\\envs\\ddgpu\\lib\\multiprocessing\\spawn.py\", line 136, in _check_not_importing_main\n    is not going to be frozen to produce an executable.''')\n", "step": null, "ts": 1655387743.7781587}, {"value": "", "step": null, "ts": 1655387743.7781587}, {"value": "        An attempt has been made to start a new process before the", "step": null, "ts": 1655387743.7781587}, {"value": "        current process has finished its bootstrapping phase.", "step": null, "ts": 1655387743.7781587}, {"value": "", "step": null, "ts": 1655387743.7781587}, {"value": "        This probably means that you are not using fork to start your", "step": null, "ts": 1655387743.7781587}, {"value": "        child processes and you have forgotten to use the proper idiom", "step": null, "ts": 1655387743.7781587}, {"value": "        in the main module:", "step": null, "ts": 1655387743.7781587}, {"value": "", "step": null, "ts": 1655387743.7781587}, {"value": "            if __name__ == '__main__':", "step": null, "ts": 1655387743.7781587}]}, "version": 23}
{"obj": {"type": "LogStrings", "path": ["monitoring", "traceback"], "values": [{"value": "                freeze_support()", "step": null, "ts": 1655387743.7781587}, {"value": "                ...", "step": null, "ts": 1655387743.7781587}, {"value": "", "step": null, "ts": 1655387743.7781587}, {"value": "        The \"freeze_support()\" line can be omitted if the program", "step": null, "ts": 1655387743.7781587}, {"value": "        is not going to be frozen to produce an executable.", "step": null, "ts": 1655387743.7781587}]}, "version": 24}
{"obj": {"type": "AssignBool", "path": ["sys", "failed"], "value": true}, "version": 25}
{"obj": {"type": "LogStrings", "path": ["monitoring", "stderr"], "values": [{"value": "Traceback (most recent call last):\n", "step": null, "ts": 1655387743.7951522}]}, "version": 26}
{"obj": {"type": "LogStrings", "path": ["monitoring", "stderr"], "values": [{"value": "  File \"<string>\", line 1, in <module>\n", "step": null, "ts": 1655387743.8321526}]}, "version": 27}
{"obj": {"type": "LogStrings", "path": ["monitoring", "stderr"], "values": [{"value": "  File \"C:\\Users\\mario\\Anaconda3\\envs\\ddgpu\\lib\\multiprocessing\\spawn.py\", line 105, in spawn_main\n", "step": null, "ts": 1655387743.8471582}]}, "version": 28}
{"obj": {"type": "LogStrings", "path": ["monitoring", "stderr"], "values": [{"value": "    ", "step": null, "ts": 1655387743.8651526}]}, "version": 29}
{"obj": {"type": "LogStrings", "path": ["monitoring", "stderr"], "values": [{"value": "exitcode = _main(fd)", "step": null, "ts": 1655387743.883151}]}, "version": 30}
{"obj": {"type": "LogStrings", "path": ["monitoring", "stderr"], "values": [{"value": "\n", "step": null, "ts": 1655387743.9091566}]}, "version": 31}
{"obj": {"type": "LogStrings", "path": ["monitoring", "stderr"], "values": [{"value": "  File \"C:\\Users\\mario\\Anaconda3\\envs\\ddgpu\\lib\\multiprocessing\\spawn.py\", line 114, in _main\n", "step": null, "ts": 1655387743.9181566}]}, "version": 32}
{"obj": {"type": "LogStrings", "path": ["monitoring", "stderr"], "values": [{"value": "    ", "step": null, "ts": 1655387743.9311497}]}, "version": 33}
{"obj": {"type": "LogStrings", "path": ["monitoring", "stderr"], "values": [{"value": "prepare(preparation_data)", "step": null, "ts": 1655387743.9451497}]}, "version": 34}
{"obj": {"type": "LogStrings", "path": ["monitoring", "stderr"], "values": [{"value": "\n", "step": null, "ts": 1655387743.9581523}]}, "version": 35}
{"obj": {"type": "LogStrings", "path": ["monitoring", "stderr"], "values": [{"value": "  File \"C:\\Users\\mario\\Anaconda3\\envs\\ddgpu\\lib\\multiprocessing\\spawn.py\", line 225, in prepare\n", "step": null, "ts": 1655387743.960152}]}, "version": 36}
{"obj": {"type": "LogStrings", "path": ["monitoring", "stderr"], "values": [{"value": "    ", "step": null, "ts": 1655387743.9751534}]}, "version": 37}
{"obj": {"type": "LogStrings", "path": ["monitoring", "stderr"], "values": [{"value": "_fixup_main_from_path(data['init_main_from_path'])", "step": null, "ts": 1655387743.9781637}]}, "version": 38}
{"obj": {"type": "LogStrings", "path": ["monitoring", "stderr"], "values": [{"value": "\n", "step": null, "ts": 1655387744.0381517}]}, "version": 39}
{"obj": {"type": "LogStrings", "path": ["monitoring", "stderr"], "values": [{"value": "  File \"C:\\Users\\mario\\Anaconda3\\envs\\ddgpu\\lib\\multiprocessing\\spawn.py\", line 277, in _fixup_main_from_path\n", "step": null, "ts": 1655387744.0651531}]}, "version": 40}
{"obj": {"type": "LogStrings", "path": ["monitoring", "stderr"], "values": [{"value": "    ", "step": null, "ts": 1655387744.0831647}]}, "version": 41}
{"obj": {"type": "LogStrings", "path": ["monitoring", "stderr"], "values": [{"value": "run_name=\"__mp_main__\")", "step": null, "ts": 1655387744.0851533}]}, "version": 42}
{"obj": {"type": "LogStrings", "path": ["monitoring", "stderr"], "values": [{"value": "\n", "step": null, "ts": 1655387744.0891535}]}, "version": 43}
{"obj": {"type": "LogStrings", "path": ["monitoring", "stderr"], "values": [{"value": "  File \"C:\\Users\\mario\\Anaconda3\\envs\\ddgpu\\lib\\runpy.py\", line 263, in run_path\n", "step": null, "ts": 1655387744.1051502}]}, "version": 44}
{"obj": {"type": "LogStrings", "path": ["monitoring", "stderr"], "values": [{"value": "    ", "step": null, "ts": 1655387744.1171496}]}, "version": 45}
{"obj": {"type": "LogStrings", "path": ["monitoring", "stderr"], "values": [{"value": "pkg_name=pkg_name, script_name=fname)", "step": null, "ts": 1655387744.126153}]}, "version": 46}
{"obj": {"type": "LogStrings", "path": ["monitoring", "stderr"], "values": [{"value": "\n", "step": null, "ts": 1655387744.129149}]}, "version": 47}
{"obj": {"type": "LogStrings", "path": ["monitoring", "stderr"], "values": [{"value": "  File \"C:\\Users\\mario\\Anaconda3\\envs\\ddgpu\\lib\\runpy.py\", line 96, in _run_module_code\n", "step": null, "ts": 1655387744.157157}]}, "version": 48}
{"obj": {"type": "LogStrings", "path": ["monitoring", "stderr"], "values": [{"value": "    ", "step": null, "ts": 1655387744.1921515}]}, "version": 49}
{"obj": {"type": "LogStrings", "path": ["monitoring", "stderr"], "values": [{"value": "mod_name, mod_spec, pkg_name, script_name)", "step": null, "ts": 1655387744.2181532}]}, "version": 50}
{"obj": {"type": "LogStrings", "path": ["monitoring", "stderr"], "values": [{"value": "\n", "step": null, "ts": 1655387744.2371528}]}, "version": 51}
{"obj": {"type": "LogStrings", "path": ["monitoring", "stderr"], "values": [{"value": "  File \"C:\\Users\\mario\\Anaconda3\\envs\\ddgpu\\lib\\runpy.py\", line 85, in _run_code\n", "step": null, "ts": 1655387744.2551525}]}, "version": 52}
{"obj": {"type": "LogStrings", "path": ["monitoring", "stderr"], "values": [{"value": "    ", "step": null, "ts": 1655387744.2711508}]}, "version": 53}
{"obj": {"type": "LogStrings", "path": ["monitoring", "stderr"], "values": [{"value": "exec(code, run_globals)", "step": null, "ts": 1655387744.2831519}]}, "version": 54}
{"obj": {"type": "LogStrings", "path": ["monitoring", "stderr"], "values": [{"value": "\n", "step": null, "ts": 1655387744.3011565}]}, "version": 55}
{"obj": {"type": "LogStrings", "path": ["monitoring", "stderr"], "values": [{"value": "  File \"D:\\GitHub\\Mariuki\\DiseaseDetector\\DiseaseDetector_TorchVision\\CXR_TorchVision_TrainingScript.py\", line 107, in <module>\n", "step": null, "ts": 1655387744.313153}]}, "version": 56}
{"obj": {"type": "LogStrings", "path": ["monitoring", "stderr"], "values": [{"value": "    ", "step": null, "ts": 1655387744.3301523}]}, "version": 57}
{"obj": {"type": "LogStrings", "path": ["monitoring", "stderr"], "values": [{"value": "tgt_int64=False)", "step": null, "ts": 1655387744.3381553}]}, "version": 58}
{"obj": {"type": "LogStrings", "path": ["monitoring", "stderr"], "values": [{"value": "\n", "step": null, "ts": 1655387744.352153}]}, "version": 59}
{"obj": {"type": "LogStrings", "path": ["monitoring", "stderr"], "values": [{"value": "  File \"D:\\GitHub\\Mariuki\\DiseaseDetector\\DiseaseDetector_TorchVision\\tools.py\", line 92, in __init__\n", "step": null, "ts": 1655387744.3711512}]}, "version": 60}
{"obj": {"type": "LogStrings", "path": ["monitoring", "stderr"], "values": [{"value": "    ", "step": null, "ts": 1655387744.3851528}]}, "version": 61}
{"obj": {"type": "LogStrings", "path": ["monitoring", "stderr"], "values": [{"value": "with Pool() as pool:", "step": null, "ts": 1655387744.3931546}]}, "version": 62}
{"obj": {"type": "LogStrings", "path": ["monitoring", "stderr"], "values": [{"value": "\n", "step": null, "ts": 1655387744.3991523}]}, "version": 63}
{"obj": {"type": "LogStrings", "path": ["monitoring", "stderr"], "values": [{"value": "  File \"C:\\Users\\mario\\Anaconda3\\envs\\ddgpu\\lib\\multiprocessing\\context.py\", line 119, in Pool\n", "step": null, "ts": 1655387744.4221468}]}, "version": 64}
{"obj": {"type": "LogStrings", "path": ["monitoring", "stderr"], "values": [{"value": "    ", "step": null, "ts": 1655387744.4461524}]}, "version": 65}
{"obj": {"type": "LogStrings", "path": ["monitoring", "stderr"], "values": [{"value": "context=self.get_context())", "step": null, "ts": 1655387744.462153}]}, "version": 66}
{"obj": {"type": "LogStrings", "path": ["monitoring", "stderr"], "values": [{"value": "\n", "step": null, "ts": 1655387744.4781532}]}, "version": 67}
{"obj": {"type": "LogStrings", "path": ["monitoring", "stderr"], "values": [{"value": "  File \"C:\\Users\\mario\\Anaconda3\\envs\\ddgpu\\lib\\multiprocessing\\pool.py\", line 176, in __init__\n", "step": null, "ts": 1655387744.4931562}]}, "version": 68}
{"obj": {"type": "LogStrings", "path": ["monitoring", "stderr"], "values": [{"value": "    ", "step": null, "ts": 1655387744.5161507}]}, "version": 69}
{"obj": {"type": "LogStrings", "path": ["monitoring", "stderr"], "values": [{"value": "self._repopulate_pool()", "step": null, "ts": 1655387744.528151}]}, "version": 70}
{"obj": {"type": "LogStrings", "path": ["monitoring", "stderr"], "values": [{"value": "\n", "step": null, "ts": 1655387744.5301504}]}, "version": 71}
{"obj": {"type": "LogStrings", "path": ["monitoring", "stderr"], "values": [{"value": "  File \"C:\\Users\\mario\\Anaconda3\\envs\\ddgpu\\lib\\multiprocessing\\pool.py\", line 241, in _repopulate_pool\n", "step": null, "ts": 1655387744.5511482}]}, "version": 72}
{"obj": {"type": "LogStrings", "path": ["monitoring", "stderr"], "values": [{"value": "    ", "step": null, "ts": 1655387744.5701506}]}, "version": 73}
{"obj": {"type": "LogStrings", "path": ["monitoring", "stderr"], "values": [{"value": "w.start()", "step": null, "ts": 1655387744.581156}]}, "version": 74}
{"obj": {"type": "LogStrings", "path": ["monitoring", "stderr"], "values": [{"value": "\n", "step": null, "ts": 1655387744.5921526}]}, "version": 75}
{"obj": {"type": "LogStrings", "path": ["monitoring", "stderr"], "values": [{"value": "  File \"C:\\Users\\mario\\Anaconda3\\envs\\ddgpu\\lib\\multiprocessing\\process.py\", line 112, in start\n", "step": null, "ts": 1655387744.6071582}]}, "version": 76}
{"obj": {"type": "LogStrings", "path": ["monitoring", "stderr"], "values": [{"value": "    ", "step": null, "ts": 1655387744.6281524}]}, "version": 77}
{"obj": {"type": "LogStrings", "path": ["monitoring", "stderr"], "values": [{"value": "self._popen = self._Popen(self)", "step": null, "ts": 1655387744.6361573}]}, "version": 78}
{"obj": {"type": "LogStrings", "path": ["monitoring", "stderr"], "values": [{"value": "\n", "step": null, "ts": 1655387744.6511507}]}, "version": 79}
{"obj": {"type": "LogStrings", "path": ["monitoring", "stderr"], "values": [{"value": "  File \"C:\\Users\\mario\\Anaconda3\\envs\\ddgpu\\lib\\multiprocessing\\context.py\", line 322, in _Popen\n", "step": null, "ts": 1655387744.670155}]}, "version": 80}
{"obj": {"type": "LogStrings", "path": ["monitoring", "stderr"], "values": [{"value": "    ", "step": null, "ts": 1655387744.684151}]}, "version": 81}
{"obj": {"type": "LogStrings", "path": ["monitoring", "stderr"], "values": [{"value": "return Popen(process_obj)", "step": null, "ts": 1655387744.6921537}]}, "version": 82}
{"obj": {"type": "LogStrings", "path": ["monitoring", "stderr"], "values": [{"value": "\n", "step": null, "ts": 1655387744.699151}]}, "version": 83}
{"obj": {"type": "LogStrings", "path": ["monitoring", "stderr"], "values": [{"value": "  File \"C:\\Users\\mario\\Anaconda3\\envs\\ddgpu\\lib\\multiprocessing\\popen_spawn_win32.py\", line 46, in __init__\n", "step": null, "ts": 1655387744.7101486}]}, "version": 84}
{"obj": {"type": "LogStrings", "path": ["monitoring", "stderr"], "values": [{"value": "    ", "step": null, "ts": 1655387744.7261562}]}, "version": 85}
{"obj": {"type": "LogStrings", "path": ["monitoring", "stderr"], "values": [{"value": "prep_data = spawn.get_preparation_data(process_obj._name)", "step": null, "ts": 1655387744.7351458}]}, "version": 86}
{"obj": {"type": "LogStrings", "path": ["monitoring", "stderr"], "values": [{"value": "\n", "step": null, "ts": 1655387744.74515}]}, "version": 87}
{"obj": {"type": "LogStrings", "path": ["monitoring", "stderr"], "values": [{"value": "  File \"C:\\Users\\mario\\Anaconda3\\envs\\ddgpu\\lib\\multiprocessing\\spawn.py\", line 143, in get_preparation_data\n", "step": null, "ts": 1655387744.7571516}]}, "version": 88}
{"obj": {"type": "LogStrings", "path": ["monitoring", "stderr"], "values": [{"value": "    ", "step": null, "ts": 1655387744.766149}]}, "version": 89}
{"obj": {"type": "LogStrings", "path": ["monitoring", "stderr"], "values": [{"value": "_check_not_importing_main()", "step": null, "ts": 1655387744.7731547}]}, "version": 90}
{"obj": {"type": "LogStrings", "path": ["monitoring", "stderr"], "values": [{"value": "\n", "step": null, "ts": 1655387744.7851474}]}, "version": 91}
{"obj": {"type": "LogStrings", "path": ["monitoring", "stderr"], "values": [{"value": "  File \"C:\\Users\\mario\\Anaconda3\\envs\\ddgpu\\lib\\multiprocessing\\spawn.py\", line 136, in _check_not_importing_main\n", "step": null, "ts": 1655387744.7911549}]}, "version": 92}
{"obj": {"type": "LogStrings", "path": ["monitoring", "stderr"], "values": [{"value": "    ", "step": null, "ts": 1655387744.8021498}]}, "version": 93}
{"obj": {"type": "LogStrings", "path": ["monitoring", "stderr"], "values": [{"value": "is not going to be frozen to produce an executable.''')", "step": null, "ts": 1655387744.806152}]}, "version": 94}
{"obj": {"type": "LogStrings", "path": ["monitoring", "stderr"], "values": [{"value": "\n", "step": null, "ts": 1655387744.816147}]}, "version": 95}
{"obj": {"type": "LogStrings", "path": ["monitoring", "stderr"], "values": [{"value": "RuntimeError", "step": null, "ts": 1655387744.8241584}]}, "version": 96}
{"obj": {"type": "LogStrings", "path": ["monitoring", "stderr"], "values": [{"value": ": ", "step": null, "ts": 1655387744.8311505}]}, "version": 97}
{"obj": {"type": "LogStrings", "path": ["monitoring", "stderr"], "values": [{"value": "\n        An attempt has been made to start a new process before the\n        current process has finished its bootstrapping phase.\n\n        This probably means that you are not using fork to start your\n        child processes and you have forgotten to use the proper idiom\n        in the main module:\n\n            if __name__ == '__main__':\n                freeze_support()\n                ...\n\n        The \"freeze_support()\" line can be omitted if the program\n        is not going to be frozen to produce an executable.", "step": null, "ts": 1655387744.8361506}]}, "version": 98}
{"obj": {"type": "LogStrings", "path": ["monitoring", "stderr"], "values": [{"value": "\n", "step": null, "ts": 1655387744.8531518}]}, "version": 99}
